This file contains any messages produced by compilers while
running configure, to aid debugging if configure makes a mistake.

It was created by Ipopt configure 3.12.9, which was
generated by GNU Autoconf 2.59.  Invocation command line was

  $ ./configure --prefix=/usr/local --prefix=/usr/local --cache-file=/dev/null --srcdir=.

## --------- ##
## Platform. ##
## --------- ##

hostname = hp.local
uname -m = x86_64
uname -r = 16.7.0
uname -s = Darwin
uname -v = Darwin Kernel Version 16.7.0: Thu Jan 11 22:59:40 PST 2018; root:xnu-3789.73.8~1/RELEASE_X86_64

/usr/bin/uname -p = i386
/bin/uname -X     = unknown

/bin/arch              = unknown
/usr/bin/arch -k       = unknown
/usr/convex/getsysinfo = unknown
hostinfo               = Mach kernel version:
	 Darwin Kernel Version 16.7.0: Thu Jan 11 22:59:40 PST 2018; root:xnu-3789.73.8~1/RELEASE_X86_64
Kernel configured for up to 8 processors.
4 processors are physically available.
8 processors are logically available.
Processor type: i486 (Intel 80486)
Processors active: 0 1 2 3 4 5 6 7
Primary memory available: 8.00 gigabytes
Default processor set: 347 tasks, 1727 threads, 8 processors
Load average: 1.64, Mach factor: 6.35
/bin/machine           = unknown
/usr/bin/oslevel       = unknown
/bin/universe          = unknown

PATH: /usr/local/opt/libpcap/bin
PATH: /usr/local/opt/qt5/bin
PATH: /usr/local/sbin
PATH: /Users/kpereira/anaconda3/bin
PATH: /Users/kpereira/miniconda3/bin
PATH: /usr/local/bin
PATH: /usr/bin
PATH: /bin
PATH: /usr/sbin
PATH: /sbin
PATH: /opt/X11/bin
PATH: /Library/Frameworks/Mono.framework/Versions/Current/Commands
PATH: /Applications/Wireshark.app/Contents/MacOS


## ----------- ##
## Core tests. ##
## ----------- ##

configure:1715: checking build system type
configure:1733: result: i386-apple-darwin16.7.0
configure:1806: checking for svnversion
configure:1822: found /usr/bin/svnversion
configure:1833: result: yes
configure:1863: checking whether we want to compile in debug mode
configure:1909: result: no
configure:1966: checking for egrep
configure:1976: result: grep -E
configure:1981: checking whether ln -s works
configure:1985: result: yes
configure:2201: checking for clang
configure:2217: found /usr/bin/clang
configure:2227: result: clang
configure:2248: checking for C compiler version
configure:2251: clang --version </dev/null >&5
Apple LLVM version 9.0.0 (clang-900.0.39.2)
Target: x86_64-apple-darwin16.7.0
Thread model: posix
InstalledDir: /Applications/Xcode.app/Contents/Developer/Toolchains/XcodeDefault.xctoolchain/usr/bin
configure:2254: $? = 0
configure:2256: clang -v </dev/null >&5
Apple LLVM version 9.0.0 (clang-900.0.39.2)
Target: x86_64-apple-darwin16.7.0
Thread model: posix
InstalledDir: /Applications/Xcode.app/Contents/Developer/Toolchains/XcodeDefault.xctoolchain/usr/bin
configure:2259: $? = 0
configure:2261: clang -V </dev/null >&5
clang: error: argument to '-V' is missing (expected 1 value)
clang: error: no input files
configure:2264: $? = 1
configure:2287: checking for C compiler default output file name
configure:2290: clang    conftest.c  >&5
configure:2293: $? = 0
configure:2339: result: a.out
configure:2344: checking whether the C compiler works
configure:2350: ./a.out
configure:2353: $? = 0
configure:2370: result: yes
configure:2377: checking whether we are cross compiling
configure:2379: result: no
configure:2382: checking for suffix of executables
configure:2384: clang -o conftest    conftest.c  >&5
configure:2387: $? = 0
configure:2412: result: 
configure:2418: checking for suffix of object files
configure:2439: clang -c   conftest.c >&5
configure:2442: $? = 0
configure:2464: result: o
configure:2468: checking whether we are using the GNU C compiler
configure:2492: clang -c   conftest.c >&5
configure:2498: $? = 0
configure:2502: test -z 
			 || test ! -s conftest.err
configure:2505: $? = 0
configure:2508: test -s conftest.o
configure:2511: $? = 0
configure:2524: result: yes
configure:2530: checking whether clang accepts -g
configure:2551: clang -c -g  conftest.c >&5
configure:2557: $? = 0
configure:2561: test -z 
			 || test ! -s conftest.err
configure:2564: $? = 0
configure:2567: test -s conftest.o
configure:2570: $? = 0
configure:2581: result: yes
configure:2598: checking for clang option to accept ANSI C
configure:2668: clang  -c -g -O2  conftest.c >&5
configure:2674: $? = 0
configure:2678: test -z 
			 || test ! -s conftest.err
configure:2681: $? = 0
configure:2684: test -s conftest.o
configure:2687: $? = 0
configure:2705: result: none needed
configure:2723: clang -c -g -O2  conftest.c >&5
conftest.c:2:3: error: unknown type name 'choke'
  choke me
  ^
conftest.c:2:11: error: expected ';' after top level declarator
  choke me
          ^
          ;
2 errors generated.
configure:2729: $? = 1
configure: failed program was:
| #ifndef __cplusplus
|   choke me
| #endif
configure:3150: clang -o conftest -O3 -pipe -DNDEBUG -Wimplicit -Wparentheses -Wsequence-point -Wreturn-type -Wcast-qual -Wall -Wno-unknown-pragmas -Wno-long-long   -DIPOPT_BUILD   conftest.c  >&5
configure:3156: $? = 0
configure:3160: test -z 
			 || test ! -s conftest.err
configure:3163: $? = 0
configure:3166: test -s conftest
configure:3169: $? = 0
configure:3236: C compiler options are: -O3 -pipe -DNDEBUG -Wimplicit -Wparentheses -Wsequence-point -Wreturn-type -Wcast-qual -Wall -Wno-unknown-pragmas -Wno-long-long   -DIPOPT_BUILD
configure:3353: checking for clang++
configure:3369: found /usr/bin/clang++
configure:3379: result: clang++
configure:3395: checking for C++ compiler version
configure:3398: clang++ --version </dev/null >&5
Apple LLVM version 9.0.0 (clang-900.0.39.2)
Target: x86_64-apple-darwin16.7.0
Thread model: posix
InstalledDir: /Applications/Xcode.app/Contents/Developer/Toolchains/XcodeDefault.xctoolchain/usr/bin
configure:3401: $? = 0
configure:3403: clang++ -v </dev/null >&5
Apple LLVM version 9.0.0 (clang-900.0.39.2)
Target: x86_64-apple-darwin16.7.0
Thread model: posix
InstalledDir: /Applications/Xcode.app/Contents/Developer/Toolchains/XcodeDefault.xctoolchain/usr/bin
configure:3406: $? = 0
configure:3408: clang++ -V </dev/null >&5
clang: error: argument to '-V' is missing (expected 1 value)
clang: error: no input files
configure:3411: $? = 1
configure:3414: checking whether we are using the GNU C++ compiler
configure:3438: clang++ -c   conftest.cc >&5
configure:3444: $? = 0
configure:3448: test -z 
			 || test ! -s conftest.err
configure:3451: $? = 0
configure:3454: test -s conftest.o
configure:3457: $? = 0
configure:3470: result: yes
configure:3476: checking whether clang++ accepts -g
configure:3497: clang++ -c -g  conftest.cc >&5
configure:3503: $? = 0
configure:3507: test -z 
			 || test ! -s conftest.err
configure:3510: $? = 0
configure:3513: test -s conftest.o
configure:3516: $? = 0
configure:3527: result: yes
configure:3569: clang++ -c -g -O2  conftest.cc >&5
configure:3575: $? = 0
configure:3579: test -z 
			 || test ! -s conftest.err
configure:3582: $? = 0
configure:3585: test -s conftest.o
configure:3588: $? = 0
configure:3614: clang++ -c -g -O2  conftest.cc >&5
conftest.cc:19:1: error: use of undeclared identifier 'exit'
exit (42);
^
1 error generated.
configure:3620: $? = 1
configure: failed program was:
| /* confdefs.h.  */
| 
| #define PACKAGE_NAME "Ipopt"
| #define PACKAGE_TARNAME "ipopt"
| #define PACKAGE_VERSION "3.12.9"
| #define PACKAGE_STRING "Ipopt 3.12.9"
| #define PACKAGE_BUGREPORT "http://projects.coin-or.org/Ipopt/newticket"
| #define IPOPT_VERSION "3.12.9"
| #define IPOPT_VERSION_MAJOR 3
| #define IPOPT_VERSION_MINOR 12
| #define IPOPT_VERSION_RELEASE 9
| #define COIN_IPOPT_VERBOSITY 0
| #define COIN_IPOPT_CHECKLEVEL 0
| /* end confdefs.h.  */
| 
| int
| main ()
| {
| exit (42);
|   ;
|   return 0;
| }
configure:3569: clang++ -c -g -O2  conftest.cc >&5
conftest.cc:15:17: error: use of undeclared identifier 'std'
extern "C" void std::exit (int) throw (); using std::exit;
                ^
conftest.cc:15:49: error: use of undeclared identifier 'std'
extern "C" void std::exit (int) throw (); using std::exit;
                                                ^
2 errors generated.
configure:3575: $? = 1
configure: failed program was:
| /* confdefs.h.  */
| 
| #define PACKAGE_NAME "Ipopt"
| #define PACKAGE_TARNAME "ipopt"
| #define PACKAGE_VERSION "3.12.9"
| #define PACKAGE_STRING "Ipopt 3.12.9"
| #define PACKAGE_BUGREPORT "http://projects.coin-or.org/Ipopt/newticket"
| #define IPOPT_VERSION "3.12.9"
| #define IPOPT_VERSION_MAJOR 3
| #define IPOPT_VERSION_MINOR 12
| #define IPOPT_VERSION_RELEASE 9
| #define COIN_IPOPT_VERBOSITY 0
| #define COIN_IPOPT_CHECKLEVEL 0
| /* end confdefs.h.  */
| extern "C" void std::exit (int) throw (); using std::exit;
| #include <stdlib.h>
| int
| main ()
| {
| exit (42);
|   ;
|   return 0;
| }
configure:3569: clang++ -c -g -O2  conftest.cc >&5
conftest.cc:15:17: error: use of undeclared identifier 'std'
extern "C" void std::exit (int); using std::exit;
                ^
conftest.cc:15:40: error: use of undeclared identifier 'std'
extern "C" void std::exit (int); using std::exit;
                                       ^
2 errors generated.
configure:3575: $? = 1
configure: failed program was:
| /* confdefs.h.  */
| 
| #define PACKAGE_NAME "Ipopt"
| #define PACKAGE_TARNAME "ipopt"
| #define PACKAGE_VERSION "3.12.9"
| #define PACKAGE_STRING "Ipopt 3.12.9"
| #define PACKAGE_BUGREPORT "http://projects.coin-or.org/Ipopt/newticket"
| #define IPOPT_VERSION "3.12.9"
| #define IPOPT_VERSION_MAJOR 3
| #define IPOPT_VERSION_MINOR 12
| #define IPOPT_VERSION_RELEASE 9
| #define COIN_IPOPT_VERBOSITY 0
| #define COIN_IPOPT_CHECKLEVEL 0
| /* end confdefs.h.  */
| extern "C" void std::exit (int); using std::exit;
| #include <stdlib.h>
| int
| main ()
| {
| exit (42);
|   ;
|   return 0;
| }
configure:3569: clang++ -c -g -O2  conftest.cc >&5
In file included from conftest.cc:16:
In file included from /Applications/Xcode.app/Contents/Developer/Toolchains/XcodeDefault.xctoolchain/usr/include/c++/v1/stdlib.h:94:
/usr/include/stdlib.h:142:7: error: 'exit' is missing exception specification 'throw()'
void     exit(int) __dead2;
         ^
conftest.cc:15:17: note: previous declaration is here
extern "C" void exit (int) throw ();
                ^
1 error generated.
configure:3575: $? = 1
configure: failed program was:
| /* confdefs.h.  */
| 
| #define PACKAGE_NAME "Ipopt"
| #define PACKAGE_TARNAME "ipopt"
| #define PACKAGE_VERSION "3.12.9"
| #define PACKAGE_STRING "Ipopt 3.12.9"
| #define PACKAGE_BUGREPORT "http://projects.coin-or.org/Ipopt/newticket"
| #define IPOPT_VERSION "3.12.9"
| #define IPOPT_VERSION_MAJOR 3
| #define IPOPT_VERSION_MINOR 12
| #define IPOPT_VERSION_RELEASE 9
| #define COIN_IPOPT_VERBOSITY 0
| #define COIN_IPOPT_CHECKLEVEL 0
| /* end confdefs.h.  */
| extern "C" void exit (int) throw ();
| #include <stdlib.h>
| int
| main ()
| {
| exit (42);
|   ;
|   return 0;
| }
configure:3569: clang++ -c -g -O2  conftest.cc >&5
configure:3575: $? = 0
configure:3579: test -z 
			 || test ! -s conftest.err
configure:3582: $? = 0
configure:3585: test -s conftest.o
configure:3588: $? = 0
configure:3614: clang++ -c -g -O2  conftest.cc >&5
configure:3620: $? = 0
configure:3624: test -z 
			 || test ! -s conftest.err
configure:3627: $? = 0
configure:3630: test -s conftest.o
configure:3633: $? = 0
configure:3665: checking whether C++ compiler clang++ works
configure:3683: clang++ -c -g -O2  conftest.cc >&5
configure:3689: $? = 0
configure:3693: test -z 
			 || test ! -s conftest.err
configure:3696: $? = 0
configure:3699: test -s conftest.o
configure:3702: $? = 0
configure:3704: result: yes
configure:4025: clang++ -o conftest -O3 -pipe -DNDEBUG -Wparentheses -Wreturn-type -Wcast-qual -Wall -Wpointer-arith -Wwrite-strings -Wconversion -Wno-unknown-pragmas -Wno-long-long   -DIPOPT_BUILD   conftest.cc  >&5
configure:4031: $? = 0
configure:4035: test -z 
			 || test ! -s conftest.err
configure:4038: $? = 0
configure:4041: test -s conftest
configure:4044: $? = 0
configure:4111: C++ compiler options are: -O3 -pipe -DNDEBUG -Wparentheses -Wreturn-type -Wcast-qual -Wall -Wpointer-arith -Wwrite-strings -Wconversion -Wno-unknown-pragmas -Wno-long-long   -DIPOPT_BUILD
configure:4176: clang++ -c -O3 -pipe -DNDEBUG -Wparentheses -Wreturn-type -Wcast-qual -Wall -Wpointer-arith -Wwrite-strings -Wconversion -Wno-unknown-pragmas -Wno-long-long   -DIPOPT_BUILD  conftest.cc >&5
configure:4182: $? = 0
configure:4186: test -z 
			 || test ! -s conftest.err
configure:4189: $? = 0
configure:4192: test -s conftest.o
configure:4195: $? = 0
configure:4239: Assuming that CXXLIBS is "-lc++".
configure:4298: Trying to determine Fortran compiler name
configure:4347: checking for xlf_r
configure:4376: result: no
configure:4347: checking for fort77
configure:4376: result: no
configure:4347: checking for gfortran
configure:4363: found /usr/local/bin/gfortran
configure:4373: result: gfortran
configure:4481: checking for Fortran 77 compiler version
configure:4484: gfortran --version </dev/null >&5
GNU Fortran (Homebrew GCC 7.3.0) 7.3.0
Copyright (C) 2017 Free Software Foundation, Inc.
This is free software; see the source for copying conditions.  There is NO
warranty; not even for MERCHANTABILITY or FITNESS FOR A PARTICULAR PURPOSE.

configure:4487: $? = 0
configure:4489: gfortran -v </dev/null >&5
Using built-in specs.
COLLECT_GCC=gfortran
COLLECT_LTO_WRAPPER=/usr/local/Cellar/gcc/7.3.0/libexec/gcc/x86_64-apple-darwin16.7.0/7.3.0/lto-wrapper
Target: x86_64-apple-darwin16.7.0
Configured with: ../configure --build=x86_64-apple-darwin16.7.0 --prefix=/usr/local/Cellar/gcc/7.3.0 --libdir=/usr/local/Cellar/gcc/7.3.0/lib/gcc/7 --enable-languages=c,c++,objc,obj-c++,fortran --program-suffix=-7 --with-gmp=/usr/local/opt/gmp --with-mpfr=/usr/local/opt/mpfr --with-mpc=/usr/local/opt/libmpc --with-isl=/usr/local/opt/isl --with-system-zlib --enable-checking=release --with-pkgversion='Homebrew GCC 7.3.0' --with-bugurl=https://github.com/Homebrew/homebrew-core/issues --disable-nls
Thread model: posix
gcc version 7.3.0 (Homebrew GCC 7.3.0) 
configure:4492: $? = 0
configure:4494: gfortran -V </dev/null >&5
gfortran: error: unrecognized command line option '-V'
gfortran: fatal error: no input files
compilation terminated.
configure:4497: $? = 1
configure:4505: checking whether we are using the GNU Fortran 77 compiler
configure:4519: gfortran -c  conftest.F >&5
configure:4525: $? = 0
configure:4529: test -z 
			 || test ! -s conftest.err
configure:4532: $? = 0
configure:4535: test -s conftest.o
configure:4538: $? = 0
configure:4551: result: yes
configure:4557: checking whether gfortran accepts -g
configure:4569: gfortran -c -g conftest.f >&5
configure:4575: $? = 0
configure:4579: test -z 
			 || test ! -s conftest.err
configure:4582: $? = 0
configure:4585: test -s conftest.o
configure:4588: $? = 0
configure:4600: result: yes
configure:4835: gfortran -o conftest -O3 -pipe    conftest.f  >&5
configure:4841: $? = 0
configure:4845: test -z 
			 || test ! -s conftest.err
configure:4848: $? = 0
configure:4851: test -s conftest
configure:4854: $? = 0
configure:4912: Fortran compiler options are: -O3 -pipe  
configure:4959: checking how to get verbose linking output from gfortran
configure:4970: gfortran -c -O3 -pipe   conftest.f >&5
configure:4976: $? = 0
configure:4980: test -z 
			 || test ! -s conftest.err
configure:4983: $? = 0
configure:4986: test -s conftest.o
configure:4989: $? = 0
configure:5006: gfortran -o conftest -O3 -pipe   -v  conftest.f  >&5
Using built-in specs.
COLLECT_GCC=gfortran
COLLECT_LTO_WRAPPER=/usr/local/Cellar/gcc/7.3.0/libexec/gcc/x86_64-apple-darwin16.7.0/7.3.0/lto-wrapper
Target: x86_64-apple-darwin16.7.0
Configured with: ../configure --build=x86_64-apple-darwin16.7.0 --prefix=/usr/local/Cellar/gcc/7.3.0 --libdir=/usr/local/Cellar/gcc/7.3.0/lib/gcc/7 --enable-languages=c,c++,objc,obj-c++,fortran --program-suffix=-7 --with-gmp=/usr/local/opt/gmp --with-mpfr=/usr/local/opt/mpfr --with-mpc=/usr/local/opt/libmpc --with-isl=/usr/local/opt/isl --with-system-zlib --enable-checking=release --with-pkgversion='Homebrew GCC 7.3.0' --with-bugurl=https://github.com/Homebrew/homebrew-core/issues --disable-nls
Thread model: posix
gcc version 7.3.0 (Homebrew GCC 7.3.0) 
COLLECT_GCC_OPTIONS='-o' 'conftest' '-O3' '-pipe' '-v' '-mmacosx-version-min=10.12.7'  '-shared-libgcc' '-mtune=core2'
 /usr/local/Cellar/gcc/7.3.0/libexec/gcc/x86_64-apple-darwin16.7.0/7.3.0/f951 conftest.f -ffixed-form -fPIC -quiet -dumpbase conftest.f -mmacosx-version-min=10.12.7 -mtune=core2 -auxbase conftest -O3 -version -fintrinsic-modules-path /usr/local/Cellar/gcc/7.3.0/lib/gcc/7/gcc/x86_64-apple-darwin16.7.0/7.3.0/finclude -o - |
 as -arch x86_64 -v -force_cpusubtype_ALL -mmacosx-version-min=10.12 -o /var/folders/h7/_n04n0gj0zl324s51x74l8840000gn/T//cc404F2a.o
GNU Fortran (Homebrew GCC 7.3.0) version 7.3.0 (x86_64-apple-darwin16.7.0)
	compiled by GNU C version 7.3.0, GMP version 6.1.2, MPFR version 4.0.0, MPC version 1.1.0, isl version isl-0.18-GMP

warning: MPFR header version 4.0.0 differs from library version 4.0.1.
GGC heuristics: --param ggc-min-expand=100 --param ggc-min-heapsize=131072
GNU Fortran2008 (Homebrew GCC 7.3.0) version 7.3.0 (x86_64-apple-darwin16.7.0)
	compiled by GNU C version 7.3.0, GMP version 6.1.2, MPFR version 4.0.0, MPC version 1.1.0, isl version isl-0.18-GMP

warning: MPFR header version 4.0.0 differs from library version 4.0.1.
GGC heuristics: --param ggc-min-expand=100 --param ggc-min-heapsize=131072
Apple LLVM version 9.0.0 (clang-900.0.39.2)
Target: x86_64-apple-darwin16.7.0
Thread model: posix
InstalledDir: /Applications/Xcode.app/Contents/Developer/Toolchains/XcodeDefault.xctoolchain/usr/bin
 "/Applications/Xcode.app/Contents/Developer/Toolchains/XcodeDefault.xctoolchain/usr/bin/clang" -cc1as -triple x86_64-apple-macosx10.12.0 -filetype obj -main-file-name - -target-cpu penryn -fdebug-compilation-dir /Users/kpereira/Projects/C++/CarND-MPC-Project/Ipopt-3.12.9/Ipopt -dwarf-debug-producer Apple LLVM version 9.0.0 (clang-900.0.39.2) -dwarf-version=4 -mrelocation-model pic -o /var/folders/h7/_n04n0gj0zl324s51x74l8840000gn/T//cc404F2a.o -
Reading specs from /usr/local/Cellar/gcc/7.3.0/lib/gcc/7/gcc/x86_64-apple-darwin16.7.0/7.3.0/../../../libgfortran.spec
rename spec lib to liborig
COLLECT_GCC_OPTIONS='-o' 'conftest' '-O3' '-pipe' '-v' '-mmacosx-version-min=10.12.7'  '-shared-libgcc' '-mtune=core2'
COMPILER_PATH=/usr/local/Cellar/gcc/7.3.0/libexec/gcc/x86_64-apple-darwin16.7.0/7.3.0/:/usr/local/Cellar/gcc/7.3.0/libexec/gcc/x86_64-apple-darwin16.7.0/7.3.0/:/usr/local/Cellar/gcc/7.3.0/libexec/gcc/x86_64-apple-darwin16.7.0/:/usr/local/Cellar/gcc/7.3.0/lib/gcc/7/gcc/x86_64-apple-darwin16.7.0/7.3.0/:/usr/local/Cellar/gcc/7.3.0/lib/gcc/7/gcc/x86_64-apple-darwin16.7.0/
LIBRARY_PATH=/usr/local/Cellar/gcc/7.3.0/lib/gcc/7/gcc/x86_64-apple-darwin16.7.0/7.3.0/:/usr/local/Cellar/gcc/7.3.0/lib/gcc/7/gcc/x86_64-apple-darwin16.7.0/7.3.0/../../../
COLLECT_GCC_OPTIONS='-o' 'conftest' '-O3' '-pipe' '-v' '-mmacosx-version-min=10.12.7'  '-shared-libgcc' '-mtune=core2'
 /usr/local/Cellar/gcc/7.3.0/libexec/gcc/x86_64-apple-darwin16.7.0/7.3.0/collect2 -dynamic -arch x86_64 -macosx_version_min 10.12.7 -weak_reference_mismatches non-weak -o conftest -L/usr/local/Cellar/gcc/7.3.0/lib/gcc/7/gcc/x86_64-apple-darwin16.7.0/7.3.0 -L/usr/local/Cellar/gcc/7.3.0/lib/gcc/7/gcc/x86_64-apple-darwin16.7.0/7.3.0/../../.. /var/folders/h7/_n04n0gj0zl324s51x74l8840000gn/T//cc404F2a.o -lgfortran -no_compact_unwind -lSystem -lgcc_ext.10.5 -lgcc -lquadmath -lm -lgcc_ext.10.5 -lgcc -lSystem -v
collect2 version 7.3.0
/usr/bin/ld -dynamic -arch x86_64 -macosx_version_min 10.12.7 -weak_reference_mismatches non-weak -o conftest -L/usr/local/Cellar/gcc/7.3.0/lib/gcc/7/gcc/x86_64-apple-darwin16.7.0/7.3.0 -L/usr/local/Cellar/gcc/7.3.0/lib/gcc/7/gcc/x86_64-apple-darwin16.7.0/7.3.0/../../.. /var/folders/h7/_n04n0gj0zl324s51x74l8840000gn/T//cc404F2a.o -lgfortran -no_compact_unwind -lSystem -lgcc_ext.10.5 -lgcc -lquadmath -lm -lgcc_ext.10.5 -lgcc -lSystem -v
@(#)PROGRAM:ld  PROJECT:ld64-305
configured to support archs: armv6 armv7 armv7s arm64 i386 x86_64 x86_64h armv6m armv7k armv7m armv7em (tvOS)
Library search paths:
	/usr/local/Cellar/gcc/7.3.0/lib/gcc/7/gcc/x86_64-apple-darwin16.7.0/7.3.0
	/usr/local/Cellar/gcc/7.3.0/lib/gcc/7
	/usr/lib
	/usr/local/lib
Framework search paths:
	/Library/Frameworks/
	/System/Library/Frameworks/
 /usr/bin/nm -n /var/folders/h7/_n04n0gj0zl324s51x74l8840000gn/T//cc404F2a.o
configure:5061: result: -v
configure:5063: checking for Fortran libraries of gfortran
configure:5084: gfortran -o conftest -O3 -pipe   -v  conftest.f  >&5
Using built-in specs.
COLLECT_GCC=gfortran
COLLECT_LTO_WRAPPER=/usr/local/Cellar/gcc/7.3.0/libexec/gcc/x86_64-apple-darwin16.7.0/7.3.0/lto-wrapper
Target: x86_64-apple-darwin16.7.0
Configured with: ../configure --build=x86_64-apple-darwin16.7.0 --prefix=/usr/local/Cellar/gcc/7.3.0 --libdir=/usr/local/Cellar/gcc/7.3.0/lib/gcc/7 --enable-languages=c,c++,objc,obj-c++,fortran --program-suffix=-7 --with-gmp=/usr/local/opt/gmp --with-mpfr=/usr/local/opt/mpfr --with-mpc=/usr/local/opt/libmpc --with-isl=/usr/local/opt/isl --with-system-zlib --enable-checking=release --with-pkgversion='Homebrew GCC 7.3.0' --with-bugurl=https://github.com/Homebrew/homebrew-core/issues --disable-nls
Thread model: posix
gcc version 7.3.0 (Homebrew GCC 7.3.0) 
COLLECT_GCC_OPTIONS='-o' 'conftest' '-O3' '-pipe' '-v' '-mmacosx-version-min=10.12.7'  '-shared-libgcc' '-mtune=core2'
 /usr/local/Cellar/gcc/7.3.0/libexec/gcc/x86_64-apple-darwin16.7.0/7.3.0/f951 conftest.f -ffixed-form -fPIC -quiet -dumpbase conftest.f -mmacosx-version-min=10.12.7 -mtune=core2 -auxbase conftest -O3 -version -fintrinsic-modules-path /usr/local/Cellar/gcc/7.3.0/lib/gcc/7/gcc/x86_64-apple-darwin16.7.0/7.3.0/finclude -o - |
 as -arch x86_64 -v -force_cpusubtype_ALL -mmacosx-version-min=10.12 -o /var/folders/h7/_n04n0gj0zl324s51x74l8840000gn/T//ccrur40w.o
GNU Fortran (Homebrew GCC 7.3.0) version 7.3.0 (x86_64-apple-darwin16.7.0)
	compiled by GNU C version 7.3.0, GMP version 6.1.2, MPFR version 4.0.0, MPC version 1.1.0, isl version isl-0.18-GMP

warning: MPFR header version 4.0.0 differs from library version 4.0.1.
GGC heuristics: --param ggc-min-expand=100 --param ggc-min-heapsize=131072
GNU Fortran2008 (Homebrew GCC 7.3.0) version 7.3.0 (x86_64-apple-darwin16.7.0)
	compiled by GNU C version 7.3.0, GMP version 6.1.2, MPFR version 4.0.0, MPC version 1.1.0, isl version isl-0.18-GMP

warning: MPFR header version 4.0.0 differs from library version 4.0.1.
GGC heuristics: --param ggc-min-expand=100 --param ggc-min-heapsize=131072
Apple LLVM version 9.0.0 (clang-900.0.39.2)
Target: x86_64-apple-darwin16.7.0
Thread model: posix
InstalledDir: /Applications/Xcode.app/Contents/Developer/Toolchains/XcodeDefault.xctoolchain/usr/bin
 "/Applications/Xcode.app/Contents/Developer/Toolchains/XcodeDefault.xctoolchain/usr/bin/clang" -cc1as -triple x86_64-apple-macosx10.12.0 -filetype obj -main-file-name - -target-cpu penryn -fdebug-compilation-dir /Users/kpereira/Projects/C++/CarND-MPC-Project/Ipopt-3.12.9/Ipopt -dwarf-debug-producer Apple LLVM version 9.0.0 (clang-900.0.39.2) -dwarf-version=4 -mrelocation-model pic -o /var/folders/h7/_n04n0gj0zl324s51x74l8840000gn/T//ccrur40w.o -
Reading specs from /usr/local/Cellar/gcc/7.3.0/lib/gcc/7/gcc/x86_64-apple-darwin16.7.0/7.3.0/../../../libgfortran.spec
rename spec lib to liborig
COLLECT_GCC_OPTIONS='-o' 'conftest' '-O3' '-pipe' '-v' '-mmacosx-version-min=10.12.7'  '-shared-libgcc' '-mtune=core2'
COMPILER_PATH=/usr/local/Cellar/gcc/7.3.0/libexec/gcc/x86_64-apple-darwin16.7.0/7.3.0/:/usr/local/Cellar/gcc/7.3.0/libexec/gcc/x86_64-apple-darwin16.7.0/7.3.0/:/usr/local/Cellar/gcc/7.3.0/libexec/gcc/x86_64-apple-darwin16.7.0/:/usr/local/Cellar/gcc/7.3.0/lib/gcc/7/gcc/x86_64-apple-darwin16.7.0/7.3.0/:/usr/local/Cellar/gcc/7.3.0/lib/gcc/7/gcc/x86_64-apple-darwin16.7.0/
LIBRARY_PATH=/usr/local/Cellar/gcc/7.3.0/lib/gcc/7/gcc/x86_64-apple-darwin16.7.0/7.3.0/:/usr/local/Cellar/gcc/7.3.0/lib/gcc/7/gcc/x86_64-apple-darwin16.7.0/7.3.0/../../../
COLLECT_GCC_OPTIONS='-o' 'conftest' '-O3' '-pipe' '-v' '-mmacosx-version-min=10.12.7'  '-shared-libgcc' '-mtune=core2'
 /usr/local/Cellar/gcc/7.3.0/libexec/gcc/x86_64-apple-darwin16.7.0/7.3.0/collect2 -dynamic -arch x86_64 -macosx_version_min 10.12.7 -weak_reference_mismatches non-weak -o conftest -L/usr/local/Cellar/gcc/7.3.0/lib/gcc/7/gcc/x86_64-apple-darwin16.7.0/7.3.0 -L/usr/local/Cellar/gcc/7.3.0/lib/gcc/7/gcc/x86_64-apple-darwin16.7.0/7.3.0/../../.. /var/folders/h7/_n04n0gj0zl324s51x74l8840000gn/T//ccrur40w.o -lgfortran -no_compact_unwind -lSystem -lgcc_ext.10.5 -lgcc -lquadmath -lm -lgcc_ext.10.5 -lgcc -lSystem -v
collect2 version 7.3.0
/usr/bin/ld -dynamic -arch x86_64 -macosx_version_min 10.12.7 -weak_reference_mismatches non-weak -o conftest -L/usr/local/Cellar/gcc/7.3.0/lib/gcc/7/gcc/x86_64-apple-darwin16.7.0/7.3.0 -L/usr/local/Cellar/gcc/7.3.0/lib/gcc/7/gcc/x86_64-apple-darwin16.7.0/7.3.0/../../.. /var/folders/h7/_n04n0gj0zl324s51x74l8840000gn/T//ccrur40w.o -lgfortran -no_compact_unwind -lSystem -lgcc_ext.10.5 -lgcc -lquadmath -lm -lgcc_ext.10.5 -lgcc -lSystem -v
@(#)PROGRAM:ld  PROJECT:ld64-305
configured to support archs: armv6 armv7 armv7s arm64 i386 x86_64 x86_64h armv6m armv7k armv7m armv7em (tvOS)
Library search paths:
	/usr/local/Cellar/gcc/7.3.0/lib/gcc/7/gcc/x86_64-apple-darwin16.7.0/7.3.0
	/usr/local/Cellar/gcc/7.3.0/lib/gcc/7
	/usr/lib
	/usr/local/lib
Framework search paths:
	/Library/Frameworks/
	/System/Library/Frameworks/
 /usr/bin/nm -n /var/folders/h7/_n04n0gj0zl324s51x74l8840000gn/T//ccrur40w.o
configure:5245: result:  -L/usr/local/Cellar/gcc/7.3.0/lib/gcc/7/gcc/x86_64-apple-darwin16.7.0/7.3.0 -L/usr/local/Cellar/gcc/7.3.0/lib/gcc/7/gcc/x86_64-apple-darwin16.7.0/7.3.0/../../.. -lgfortran -lSystem -lgcc_ext.10.5 -lquadmath -lm
configure:5312: Corrected Fortran libraries:  -L/usr/local/Cellar/gcc/7.3.0/lib/gcc/7/gcc/x86_64-apple-darwin16.7.0/7.3.0 -L/usr/local/Cellar/gcc/7.3.0/lib/gcc/7/gcc/x86_64-apple-darwin16.7.0/7.3.0/../../.. -lgfortran -lSystem -lquadmath -lm
configure:5321: checking for dummy main to link with Fortran libraries
configure:5360: clang -o conftest -O3 -pipe -DNDEBUG -Wimplicit -Wparentheses -Wsequence-point -Wreturn-type -Wcast-qual -Wall -Wno-unknown-pragmas -Wno-long-long   -DIPOPT_BUILD   conftest.c   -L/usr/local/Cellar/gcc/7.3.0/lib/gcc/7/gcc/x86_64-apple-darwin16.7.0/7.3.0 -L/usr/local/Cellar/gcc/7.3.0/lib/gcc/7/gcc/x86_64-apple-darwin16.7.0/7.3.0/../../.. -lgfortran -lSystem -lquadmath -lm >&5
configure:5366: $? = 0
configure:5370: test -z 
			 || test ! -s conftest.err
configure:5373: $? = 0
configure:5376: test -s conftest
configure:5379: $? = 0
configure:5457: result: none
configure:5493: checking for Fortran name-mangling scheme
configure:5507: gfortran -c -O3 -pipe   conftest.f >&5
configure:5513: $? = 0
configure:5517: test -z 
			 || test ! -s conftest.err
configure:5520: $? = 0
configure:5523: test -s conftest.o
configure:5526: $? = 0
configure:5573: clang -o conftest -O3 -pipe -DNDEBUG -Wimplicit -Wparentheses -Wsequence-point -Wreturn-type -Wcast-qual -Wall -Wno-unknown-pragmas -Wno-long-long   -DIPOPT_BUILD   conftest.c cfortran_test.o   -L/usr/local/Cellar/gcc/7.3.0/lib/gcc/7/gcc/x86_64-apple-darwin16.7.0/7.3.0 -L/usr/local/Cellar/gcc/7.3.0/lib/gcc/7/gcc/x86_64-apple-darwin16.7.0/7.3.0/../../.. -lgfortran -lSystem -lquadmath -lm >&5
Undefined symbols for architecture x86_64:
  "_foobar", referenced from:
      _main in conftest-40faa3.o
     (maybe you meant: _foobar_)
ld: symbol(s) not found for architecture x86_64
clang: error: linker command failed with exit code 1 (use -v to see invocation)
configure:5579: $? = 1
configure: failed program was:
| /* confdefs.h.  */
| 
| #define PACKAGE_NAME "Ipopt"
| #define PACKAGE_TARNAME "ipopt"
| #define PACKAGE_VERSION "3.12.9"
| #define PACKAGE_STRING "Ipopt 3.12.9"
| #define PACKAGE_BUGREPORT "http://projects.coin-or.org/Ipopt/newticket"
| #define IPOPT_VERSION "3.12.9"
| #define IPOPT_VERSION_MAJOR 3
| #define IPOPT_VERSION_MINOR 12
| #define IPOPT_VERSION_RELEASE 9
| #define COIN_IPOPT_VERBOSITY 0
| #define COIN_IPOPT_CHECKLEVEL 0
| #ifdef __cplusplus
| extern "C" void exit (int);
| #endif
| /* end confdefs.h.  */
| 
| /* Override any gcc2 internal prototype to avoid an error.  */
| #ifdef __cplusplus
| extern "C"
| #endif
| /* We use char because int might match the return type of a gcc2
|    builtin and then its argument prototype would still apply.  */
| char foobar ();
| #ifdef F77_DUMMY_MAIN
| 
| #  ifdef __cplusplus
|      extern "C"
| #  endif
|    int F77_DUMMY_MAIN() { return 1; }
| 
| #endif
| int
| main ()
| {
| foobar ();
|   ;
|   return 0;
| }
configure:5573: clang -o conftest -O3 -pipe -DNDEBUG -Wimplicit -Wparentheses -Wsequence-point -Wreturn-type -Wcast-qual -Wall -Wno-unknown-pragmas -Wno-long-long   -DIPOPT_BUILD   conftest.c cfortran_test.o   -L/usr/local/Cellar/gcc/7.3.0/lib/gcc/7/gcc/x86_64-apple-darwin16.7.0/7.3.0 -L/usr/local/Cellar/gcc/7.3.0/lib/gcc/7/gcc/x86_64-apple-darwin16.7.0/7.3.0/../../.. -lgfortran -lSystem -lquadmath -lm >&5
configure:5579: $? = 0
configure:5583: test -z 
			 || test ! -s conftest.err
configure:5586: $? = 0
configure:5589: test -s conftest
configure:5592: $? = 0
configure:5660: clang -o conftest -O3 -pipe -DNDEBUG -Wimplicit -Wparentheses -Wsequence-point -Wreturn-type -Wcast-qual -Wall -Wno-unknown-pragmas -Wno-long-long   -DIPOPT_BUILD   conftest.c cfortran_test.o   -L/usr/local/Cellar/gcc/7.3.0/lib/gcc/7/gcc/x86_64-apple-darwin16.7.0/7.3.0 -L/usr/local/Cellar/gcc/7.3.0/lib/gcc/7/gcc/x86_64-apple-darwin16.7.0/7.3.0/../../.. -lgfortran -lSystem -lquadmath -lm >&5
configure:5666: $? = 0
configure:5670: test -z 
			 || test ! -s conftest.err
configure:5673: $? = 0
configure:5676: test -s conftest
configure:5679: $? = 0
configure:5729: result: lower case, underscore, no extra underscore
configure:5950: checking for a BSD-compatible install
configure:6005: result: /usr/bin/install -c
configure:6016: checking whether build environment is sane
configure:6059: result: yes
configure:6124: checking for gawk
configure:6153: result: no
configure:6124: checking for mawk
configure:6153: result: no
configure:6124: checking for nawk
configure:6153: result: no
configure:6124: checking for awk
configure:6140: found /usr/bin/awk
configure:6150: result: awk
configure:6160: checking whether make sets $(MAKE)
configure:6180: result: yes
configure:6210: checking for style of include used by make
configure:6238: result: GNU
configure:6419: checking dependency style of clang
configure:6509: result: gcc3
configure:6528: checking dependency style of clang++
configure:6618: result: gcc3
configure:6636: checking whether to enable maintainer-specific portions of Makefiles
configure:6645: result: no
configure:22026: Using libtool script in directory ..
configure:22125: checking if library version is set
configure:22129: result: 11:9:10
configure:22171: configuring doxygen documentation options
configure:22178: checking for doxygen
configure:22205: result: no
configure:22214: checking for latex
configure:22241: result: no
configure:22269: checking for dot
configure:22296: result: NO
configure:22462: checking for pkg-config
configure:22478: found /usr/local/bin/pkg-config
configure:22488: result: pkg-config
configure:22503: checking pkg-config is at least version 0.16.0
configure:22506: result: yes
configure:24961: checking for BLAS in Veclib
configure:25077: clang -o conftest -O3 -pipe -DNDEBUG -Wimplicit -Wparentheses -Wsequence-point -Wreturn-type -Wcast-qual -Wall -Wno-unknown-pragmas -Wno-long-long   -DIPOPT_BUILD   conftest.c -framework Accelerate  >&5
configure:25083: $? = 0
configure:25087: test -z 
			 || test ! -s conftest.err
configure:25090: $? = 0
configure:25093: test -s conftest
configure:25096: $? = 0
configure:25113: result: yes: -framework Accelerate
configure:26889: checking whether LAPACK is already available with BLAS library
configure:27002: clang -o conftest -O3 -pipe -DNDEBUG -Wimplicit -Wparentheses -Wsequence-point -Wreturn-type -Wcast-qual -Wall -Wno-unknown-pragmas -Wno-long-long   -DIPOPT_BUILD   conftest.c -framework Accelerate  >&5
configure:27008: $? = 0
configure:27012: test -z 
			 || test ! -s conftest.err
configure:27015: $? = 0
configure:27018: test -s conftest
configure:27021: $? = 0
configure:27038: result: yes: -framework Accelerate
configure:29176: checking for COIN-OR package ASL
configure:29318: result: yes: 1.3.6 
configure:29686: checking for COIN-OR package HSL
configure:29850: result: not given: No package 'coinhsl' found
configure:30196: checking for COIN-OR package Mumps
configure:30338: result: yes: 1.6.0 
configure:30721: checking for int *
configure:30753: clang -c -O3 -pipe -DNDEBUG -Wimplicit -Wparentheses -Wsequence-point -Wreturn-type -Wcast-qual -Wall -Wno-unknown-pragmas -Wno-long-long   -DIPOPT_BUILD  conftest.c >&5
configure:30759: $? = 0
configure:30763: test -z 
			 || test ! -s conftest.err
configure:30766: $? = 0
configure:30769: test -s conftest.o
configure:30772: $? = 0
configure:30783: result: yes
configure:30786: checking size of int *
configure:31153: clang -o conftest -O3 -pipe -DNDEBUG -Wimplicit -Wparentheses -Wsequence-point -Wreturn-type -Wcast-qual -Wall -Wno-unknown-pragmas -Wno-long-long   -DIPOPT_BUILD   conftest.c  >&5
configure:31156: $? = 0
configure:31158: ./conftest
configure:31161: $? = 0
configure:31184: result: 8
configure:31236: Using CXXAR="ar cru".
configure:31283: checking cmath usability
configure:31295: clang++ -c -O3 -pipe -DNDEBUG -Wparentheses -Wreturn-type -Wcast-qual -Wall -Wpointer-arith -Wwrite-strings -Wconversion -Wno-unknown-pragmas -Wno-long-long   -DIPOPT_BUILD  conftest.cc >&5
configure:31301: $? = 0
configure:31305: test -z 
			 || test ! -s conftest.err
configure:31308: $? = 0
configure:31311: test -s conftest.o
configure:31314: $? = 0
configure:31324: result: yes
configure:31328: checking cmath presence
configure:31338: clang++ -E  conftest.cc
configure:31344: $? = 0
configure:31364: result: yes
configure:31399: checking for cmath
configure:31406: result: yes
configure:31612: checking cctype usability
configure:31624: clang++ -c -O3 -pipe -DNDEBUG -Wparentheses -Wreturn-type -Wcast-qual -Wall -Wpointer-arith -Wwrite-strings -Wconversion -Wno-unknown-pragmas -Wno-long-long   -DIPOPT_BUILD  conftest.cc >&5
configure:31630: $? = 0
configure:31634: test -z 
			 || test ! -s conftest.err
configure:31637: $? = 0
configure:31640: test -s conftest.o
configure:31643: $? = 0
configure:31653: result: yes
configure:31657: checking cctype presence
configure:31667: clang++ -E  conftest.cc
configure:31673: $? = 0
configure:31693: result: yes
configure:31728: checking for cctype
configure:31735: result: yes
configure:31941: checking cassert usability
configure:31953: clang++ -c -O3 -pipe -DNDEBUG -Wparentheses -Wreturn-type -Wcast-qual -Wall -Wpointer-arith -Wwrite-strings -Wconversion -Wno-unknown-pragmas -Wno-long-long   -DIPOPT_BUILD  conftest.cc >&5
configure:31959: $? = 0
configure:31963: test -z 
			 || test ! -s conftest.err
configure:31966: $? = 0
configure:31969: test -s conftest.o
configure:31972: $? = 0
configure:31982: result: yes
configure:31986: checking cassert presence
configure:31996: clang++ -E  conftest.cc
configure:32002: $? = 0
configure:32022: result: yes
configure:32057: checking for cassert
configure:32064: result: yes
configure:32270: checking cstdio usability
configure:32282: clang++ -c -O3 -pipe -DNDEBUG -Wparentheses -Wreturn-type -Wcast-qual -Wall -Wpointer-arith -Wwrite-strings -Wconversion -Wno-unknown-pragmas -Wno-long-long   -DIPOPT_BUILD  conftest.cc >&5
configure:32288: $? = 0
configure:32292: test -z 
			 || test ! -s conftest.err
configure:32295: $? = 0
configure:32298: test -s conftest.o
configure:32301: $? = 0
configure:32311: result: yes
configure:32315: checking cstdio presence
configure:32325: clang++ -E  conftest.cc
configure:32331: $? = 0
configure:32351: result: yes
configure:32386: checking for cstdio
configure:32393: result: yes
configure:32599: checking cstdlib usability
configure:32611: clang++ -c -O3 -pipe -DNDEBUG -Wparentheses -Wreturn-type -Wcast-qual -Wall -Wpointer-arith -Wwrite-strings -Wconversion -Wno-unknown-pragmas -Wno-long-long   -DIPOPT_BUILD  conftest.cc >&5
configure:32617: $? = 0
configure:32621: test -z 
			 || test ! -s conftest.err
configure:32624: $? = 0
configure:32627: test -s conftest.o
configure:32630: $? = 0
configure:32640: result: yes
configure:32644: checking cstdlib presence
configure:32654: clang++ -E  conftest.cc
configure:32660: $? = 0
configure:32680: result: yes
configure:32715: checking for cstdlib
configure:32722: result: yes
configure:32928: checking cstdarg usability
configure:32940: clang++ -c -O3 -pipe -DNDEBUG -Wparentheses -Wreturn-type -Wcast-qual -Wall -Wpointer-arith -Wwrite-strings -Wconversion -Wno-unknown-pragmas -Wno-long-long   -DIPOPT_BUILD  conftest.cc >&5
configure:32946: $? = 0
configure:32950: test -z 
			 || test ! -s conftest.err
configure:32953: $? = 0
configure:32956: test -s conftest.o
configure:32959: $? = 0
configure:32969: result: yes
configure:32973: checking cstdarg presence
configure:32983: clang++ -E  conftest.cc
configure:32989: $? = 0
configure:33009: result: yes
configure:33044: checking for cstdarg
configure:33051: result: yes
configure:33257: checking cstring usability
configure:33269: clang++ -c -O3 -pipe -DNDEBUG -Wparentheses -Wreturn-type -Wcast-qual -Wall -Wpointer-arith -Wwrite-strings -Wconversion -Wno-unknown-pragmas -Wno-long-long   -DIPOPT_BUILD  conftest.cc >&5
configure:33275: $? = 0
configure:33279: test -z 
			 || test ! -s conftest.err
configure:33282: $? = 0
configure:33285: test -s conftest.o
configure:33288: $? = 0
configure:33298: result: yes
configure:33302: checking cstring presence
configure:33312: clang++ -E  conftest.cc
configure:33318: $? = 0
configure:33338: result: yes
configure:33373: checking for cstring
configure:33380: result: yes
configure:33586: checking cfloat usability
configure:33598: clang++ -c -O3 -pipe -DNDEBUG -Wparentheses -Wreturn-type -Wcast-qual -Wall -Wpointer-arith -Wwrite-strings -Wconversion -Wno-unknown-pragmas -Wno-long-long   -DIPOPT_BUILD  conftest.cc >&5
configure:33604: $? = 0
configure:33608: test -z 
			 || test ! -s conftest.err
configure:33611: $? = 0
configure:33614: test -s conftest.o
configure:33617: $? = 0
configure:33627: result: yes
configure:33631: checking cfloat presence
configure:33641: clang++ -E  conftest.cc
configure:33647: $? = 0
configure:33667: result: yes
configure:33702: checking for cfloat
configure:33709: result: yes
configure:33915: checking ctime usability
configure:33927: clang++ -c -O3 -pipe -DNDEBUG -Wparentheses -Wreturn-type -Wcast-qual -Wall -Wpointer-arith -Wwrite-strings -Wconversion -Wno-unknown-pragmas -Wno-long-long   -DIPOPT_BUILD  conftest.cc >&5
configure:33933: $? = 0
configure:33937: test -z 
			 || test ! -s conftest.err
configure:33940: $? = 0
configure:33943: test -s conftest.o
configure:33946: $? = 0
configure:33956: result: yes
configure:33960: checking ctime presence
configure:33970: clang++ -E  conftest.cc
configure:33976: $? = 0
configure:33996: result: yes
configure:34031: checking for ctime
configure:34038: result: yes
configure:34244: checking cstddef usability
configure:34256: clang++ -c -O3 -pipe -DNDEBUG -Wparentheses -Wreturn-type -Wcast-qual -Wall -Wpointer-arith -Wwrite-strings -Wconversion -Wno-unknown-pragmas -Wno-long-long   -DIPOPT_BUILD  conftest.cc >&5
configure:34262: $? = 0
configure:34266: test -z 
			 || test ! -s conftest.err
configure:34269: $? = 0
configure:34272: test -s conftest.o
configure:34275: $? = 0
configure:34285: result: yes
configure:34289: checking cstddef presence
configure:34299: clang++ -E  conftest.cc
configure:34305: $? = 0
configure:34325: result: yes
configure:34360: checking for cstddef
configure:34367: result: yes
configure:34578: checking for cmath
configure:34583: result: yes
configure:34907: checking for cfloat
configure:34912: result: yes
configure:35245: checking cieeefp usability
configure:35257: clang++ -c -O3 -pipe -DNDEBUG -Wparentheses -Wreturn-type -Wcast-qual -Wall -Wpointer-arith -Wwrite-strings -Wconversion -Wno-unknown-pragmas -Wno-long-long   -DIPOPT_BUILD  conftest.cc >&5
conftest.cc:84:10: fatal error: 'cieeefp' file not found
#include <cieeefp>
         ^~~~~~~~~
1 error generated.
configure:35263: $? = 1
configure: failed program was:
| /* confdefs.h.  */
| 
| #define PACKAGE_NAME "Ipopt"
| #define PACKAGE_TARNAME "ipopt"
| #define PACKAGE_VERSION "3.12.9"
| #define PACKAGE_STRING "Ipopt 3.12.9"
| #define PACKAGE_BUGREPORT "http://projects.coin-or.org/Ipopt/newticket"
| #define IPOPT_VERSION "3.12.9"
| #define IPOPT_VERSION_MAJOR 3
| #define IPOPT_VERSION_MINOR 12
| #define IPOPT_VERSION_RELEASE 9
| #define COIN_IPOPT_VERBOSITY 0
| #define COIN_IPOPT_CHECKLEVEL 0
| #ifdef __cplusplus
| extern "C" void exit (int);
| #endif
| #define F77_FUNC(name,NAME) name ## _
| #define F77_FUNC_(name,NAME) name ## _
| #define PACKAGE "ipopt"
| #define VERSION "3.12.9"
| #define STDC_HEADERS 1
| #define HAVE_SYS_TYPES_H 1
| #define HAVE_SYS_STAT_H 1
| #define HAVE_STDLIB_H 1
| #define HAVE_STRING_H 1
| #define HAVE_MEMORY_H 1
| #define HAVE_STRINGS_H 1
| #define HAVE_INTTYPES_H 1
| #define HAVE_STDINT_H 1
| #define HAVE_UNISTD_H 1
| #define HAVE_DLFCN_H 1
| #define COIN_HAS_BLAS 1
| #define COIN_HAS_LAPACK 1
| #define COIN_HAS_ASL 1
| #define COIN_HAS_MUMPS 1
| #define SIZEOF_INT_P 8
| #define HAVE_CMATH 1
| #define HAVE_CCTYPE 1
| #define HAVE_CASSERT 1
| #define HAVE_CSTDIO 1
| #define HAVE_CSTDLIB 1
| #define HAVE_CSTDARG 1
| #define HAVE_CSTRING 1
| #define HAVE_CFLOAT 1
| #define HAVE_CTIME 1
| #define HAVE_CSTDDEF 1
| #define HAVE_CMATH 1
| #define HAVE_CFLOAT 1
| /* end confdefs.h.  */
| #include <stdio.h>
| #if HAVE_SYS_TYPES_H
| # include <sys/types.h>
| #endif
| #if HAVE_SYS_STAT_H
| # include <sys/stat.h>
| #endif
| #if STDC_HEADERS
| # include <stdlib.h>
| # include <stddef.h>
| #else
| # if HAVE_STDLIB_H
| #  include <stdlib.h>
| # endif
| #endif
| #if HAVE_STRING_H
| # if !STDC_HEADERS && HAVE_MEMORY_H
| #  include <memory.h>
| # endif
| # include <string.h>
| #endif
| #if HAVE_STRINGS_H
| # include <strings.h>
| #endif
| #if HAVE_INTTYPES_H
| # include <inttypes.h>
| #else
| # if HAVE_STDINT_H
| #  include <stdint.h>
| # endif
| #endif
| #if HAVE_UNISTD_H
| # include <unistd.h>
| #endif
| #include <cieeefp>
configure:35286: result: no
configure:35290: checking cieeefp presence
configure:35300: clang++ -E  conftest.cc
conftest.cc:50:10: fatal error: 'cieeefp' file not found
#include <cieeefp>
         ^~~~~~~~~
1 error generated.
configure:35306: $? = 1
configure: failed program was:
| /* confdefs.h.  */
| 
| #define PACKAGE_NAME "Ipopt"
| #define PACKAGE_TARNAME "ipopt"
| #define PACKAGE_VERSION "3.12.9"
| #define PACKAGE_STRING "Ipopt 3.12.9"
| #define PACKAGE_BUGREPORT "http://projects.coin-or.org/Ipopt/newticket"
| #define IPOPT_VERSION "3.12.9"
| #define IPOPT_VERSION_MAJOR 3
| #define IPOPT_VERSION_MINOR 12
| #define IPOPT_VERSION_RELEASE 9
| #define COIN_IPOPT_VERBOSITY 0
| #define COIN_IPOPT_CHECKLEVEL 0
| #ifdef __cplusplus
| extern "C" void exit (int);
| #endif
| #define F77_FUNC(name,NAME) name ## _
| #define F77_FUNC_(name,NAME) name ## _
| #define PACKAGE "ipopt"
| #define VERSION "3.12.9"
| #define STDC_HEADERS 1
| #define HAVE_SYS_TYPES_H 1
| #define HAVE_SYS_STAT_H 1
| #define HAVE_STDLIB_H 1
| #define HAVE_STRING_H 1
| #define HAVE_MEMORY_H 1
| #define HAVE_STRINGS_H 1
| #define HAVE_INTTYPES_H 1
| #define HAVE_STDINT_H 1
| #define HAVE_UNISTD_H 1
| #define HAVE_DLFCN_H 1
| #define COIN_HAS_BLAS 1
| #define COIN_HAS_LAPACK 1
| #define COIN_HAS_ASL 1
| #define COIN_HAS_MUMPS 1
| #define SIZEOF_INT_P 8
| #define HAVE_CMATH 1
| #define HAVE_CCTYPE 1
| #define HAVE_CASSERT 1
| #define HAVE_CSTDIO 1
| #define HAVE_CSTDLIB 1
| #define HAVE_CSTDARG 1
| #define HAVE_CSTRING 1
| #define HAVE_CFLOAT 1
| #define HAVE_CTIME 1
| #define HAVE_CSTDDEF 1
| #define HAVE_CMATH 1
| #define HAVE_CFLOAT 1
| /* end confdefs.h.  */
| #include <cieeefp>
configure:35326: result: no
configure:35361: checking for cieeefp
configure:35368: result: no
configure:35403: checking ieeefp.h usability
configure:35415: clang++ -c -O3 -pipe -DNDEBUG -Wparentheses -Wreturn-type -Wcast-qual -Wall -Wpointer-arith -Wwrite-strings -Wconversion -Wno-unknown-pragmas -Wno-long-long   -DIPOPT_BUILD  conftest.cc >&5
conftest.cc:84:10: fatal error: 'ieeefp.h' file not found
#include <ieeefp.h>
         ^~~~~~~~~~
1 error generated.
configure:35421: $? = 1
configure: failed program was:
| /* confdefs.h.  */
| 
| #define PACKAGE_NAME "Ipopt"
| #define PACKAGE_TARNAME "ipopt"
| #define PACKAGE_VERSION "3.12.9"
| #define PACKAGE_STRING "Ipopt 3.12.9"
| #define PACKAGE_BUGREPORT "http://projects.coin-or.org/Ipopt/newticket"
| #define IPOPT_VERSION "3.12.9"
| #define IPOPT_VERSION_MAJOR 3
| #define IPOPT_VERSION_MINOR 12
| #define IPOPT_VERSION_RELEASE 9
| #define COIN_IPOPT_VERBOSITY 0
| #define COIN_IPOPT_CHECKLEVEL 0
| #ifdef __cplusplus
| extern "C" void exit (int);
| #endif
| #define F77_FUNC(name,NAME) name ## _
| #define F77_FUNC_(name,NAME) name ## _
| #define PACKAGE "ipopt"
| #define VERSION "3.12.9"
| #define STDC_HEADERS 1
| #define HAVE_SYS_TYPES_H 1
| #define HAVE_SYS_STAT_H 1
| #define HAVE_STDLIB_H 1
| #define HAVE_STRING_H 1
| #define HAVE_MEMORY_H 1
| #define HAVE_STRINGS_H 1
| #define HAVE_INTTYPES_H 1
| #define HAVE_STDINT_H 1
| #define HAVE_UNISTD_H 1
| #define HAVE_DLFCN_H 1
| #define COIN_HAS_BLAS 1
| #define COIN_HAS_LAPACK 1
| #define COIN_HAS_ASL 1
| #define COIN_HAS_MUMPS 1
| #define SIZEOF_INT_P 8
| #define HAVE_CMATH 1
| #define HAVE_CCTYPE 1
| #define HAVE_CASSERT 1
| #define HAVE_CSTDIO 1
| #define HAVE_CSTDLIB 1
| #define HAVE_CSTDARG 1
| #define HAVE_CSTRING 1
| #define HAVE_CFLOAT 1
| #define HAVE_CTIME 1
| #define HAVE_CSTDDEF 1
| #define HAVE_CMATH 1
| #define HAVE_CFLOAT 1
| /* end confdefs.h.  */
| #include <stdio.h>
| #if HAVE_SYS_TYPES_H
| # include <sys/types.h>
| #endif
| #if HAVE_SYS_STAT_H
| # include <sys/stat.h>
| #endif
| #if STDC_HEADERS
| # include <stdlib.h>
| # include <stddef.h>
| #else
| # if HAVE_STDLIB_H
| #  include <stdlib.h>
| # endif
| #endif
| #if HAVE_STRING_H
| # if !STDC_HEADERS && HAVE_MEMORY_H
| #  include <memory.h>
| # endif
| # include <string.h>
| #endif
| #if HAVE_STRINGS_H
| # include <strings.h>
| #endif
| #if HAVE_INTTYPES_H
| # include <inttypes.h>
| #else
| # if HAVE_STDINT_H
| #  include <stdint.h>
| # endif
| #endif
| #if HAVE_UNISTD_H
| # include <unistd.h>
| #endif
| #include <ieeefp.h>
configure:35444: result: no
configure:35448: checking ieeefp.h presence
configure:35458: clang++ -E  conftest.cc
conftest.cc:50:10: fatal error: 'ieeefp.h' file not found
#include <ieeefp.h>
         ^~~~~~~~~~
1 error generated.
configure:35464: $? = 1
configure: failed program was:
| /* confdefs.h.  */
| 
| #define PACKAGE_NAME "Ipopt"
| #define PACKAGE_TARNAME "ipopt"
| #define PACKAGE_VERSION "3.12.9"
| #define PACKAGE_STRING "Ipopt 3.12.9"
| #define PACKAGE_BUGREPORT "http://projects.coin-or.org/Ipopt/newticket"
| #define IPOPT_VERSION "3.12.9"
| #define IPOPT_VERSION_MAJOR 3
| #define IPOPT_VERSION_MINOR 12
| #define IPOPT_VERSION_RELEASE 9
| #define COIN_IPOPT_VERBOSITY 0
| #define COIN_IPOPT_CHECKLEVEL 0
| #ifdef __cplusplus
| extern "C" void exit (int);
| #endif
| #define F77_FUNC(name,NAME) name ## _
| #define F77_FUNC_(name,NAME) name ## _
| #define PACKAGE "ipopt"
| #define VERSION "3.12.9"
| #define STDC_HEADERS 1
| #define HAVE_SYS_TYPES_H 1
| #define HAVE_SYS_STAT_H 1
| #define HAVE_STDLIB_H 1
| #define HAVE_STRING_H 1
| #define HAVE_MEMORY_H 1
| #define HAVE_STRINGS_H 1
| #define HAVE_INTTYPES_H 1
| #define HAVE_STDINT_H 1
| #define HAVE_UNISTD_H 1
| #define HAVE_DLFCN_H 1
| #define COIN_HAS_BLAS 1
| #define COIN_HAS_LAPACK 1
| #define COIN_HAS_ASL 1
| #define COIN_HAS_MUMPS 1
| #define SIZEOF_INT_P 8
| #define HAVE_CMATH 1
| #define HAVE_CCTYPE 1
| #define HAVE_CASSERT 1
| #define HAVE_CSTDIO 1
| #define HAVE_CSTDLIB 1
| #define HAVE_CSTDARG 1
| #define HAVE_CSTRING 1
| #define HAVE_CFLOAT 1
| #define HAVE_CTIME 1
| #define HAVE_CSTDDEF 1
| #define HAVE_CMATH 1
| #define HAVE_CFLOAT 1
| /* end confdefs.h.  */
| #include <ieeefp.h>
configure:35484: result: no
configure:35519: checking for ieeefp.h
configure:35526: result: no
configure:35550: checking whether isfinite is declared
configure:35604: clang++ -c -O3 -pipe -DNDEBUG -Wparentheses -Wreturn-type -Wcast-qual -Wall -Wpointer-arith -Wwrite-strings -Wconversion -Wno-unknown-pragmas -Wno-long-long   -DIPOPT_BUILD  conftest.cc >&5
conftest.cc:85:22: error: address of overloaded function 'isfinite' does not match required type 'char'
  char *p = (char *) isfinite;
                     ^~~~~~~~
/Applications/Xcode.app/Contents/Developer/Toolchains/XcodeDefault.xctoolchain/usr/include/c++/v1/math.h:399:1: note: candidate template ignored: could not match 'typename std::enable_if<std::is_arithmetic<_A1>::value && std::numeric_limits<_A1>::has_infinity, bool>::type (_A1) throw()' against 'char'
isfinite(_A1 __lcpp_x) _NOEXCEPT
^
/Applications/Xcode.app/Contents/Developer/Toolchains/XcodeDefault.xctoolchain/usr/include/c++/v1/math.h:409:1: note: candidate template ignored: could not match 'typename std::enable_if<std::is_arithmetic<_A1>::value && !std::numeric_limits<_A1>::has_infinity, bool>::type (_A1) throw()' against 'char'
isfinite(_A1) _NOEXCEPT
^
1 error generated.
configure:35610: $? = 1
configure: failed program was:
| /* confdefs.h.  */
| 
| #define PACKAGE_NAME "Ipopt"
| #define PACKAGE_TARNAME "ipopt"
| #define PACKAGE_VERSION "3.12.9"
| #define PACKAGE_STRING "Ipopt 3.12.9"
| #define PACKAGE_BUGREPORT "http://projects.coin-or.org/Ipopt/newticket"
| #define IPOPT_VERSION "3.12.9"
| #define IPOPT_VERSION_MAJOR 3
| #define IPOPT_VERSION_MINOR 12
| #define IPOPT_VERSION_RELEASE 9
| #define COIN_IPOPT_VERBOSITY 0
| #define COIN_IPOPT_CHECKLEVEL 0
| #ifdef __cplusplus
| extern "C" void exit (int);
| #endif
| #define F77_FUNC(name,NAME) name ## _
| #define F77_FUNC_(name,NAME) name ## _
| #define PACKAGE "ipopt"
| #define VERSION "3.12.9"
| #define STDC_HEADERS 1
| #define HAVE_SYS_TYPES_H 1
| #define HAVE_SYS_STAT_H 1
| #define HAVE_STDLIB_H 1
| #define HAVE_STRING_H 1
| #define HAVE_MEMORY_H 1
| #define HAVE_STRINGS_H 1
| #define HAVE_INTTYPES_H 1
| #define HAVE_STDINT_H 1
| #define HAVE_UNISTD_H 1
| #define HAVE_DLFCN_H 1
| #define COIN_HAS_BLAS 1
| #define COIN_HAS_LAPACK 1
| #define COIN_HAS_ASL 1
| #define COIN_HAS_MUMPS 1
| #define SIZEOF_INT_P 8
| #define HAVE_CMATH 1
| #define HAVE_CCTYPE 1
| #define HAVE_CASSERT 1
| #define HAVE_CSTDIO 1
| #define HAVE_CSTDLIB 1
| #define HAVE_CSTDARG 1
| #define HAVE_CSTRING 1
| #define HAVE_CFLOAT 1
| #define HAVE_CTIME 1
| #define HAVE_CSTDDEF 1
| #define HAVE_CMATH 1
| #define HAVE_CFLOAT 1
| /* end confdefs.h.  */
| 
| #ifdef HAVE_CMATH
| # include <cmath>
| #else
| # ifdef HAVE_MATH_H
| #  include <math.h>
| # endif
| #endif
| #ifdef HAVE_CFLOAT
| # include <cfloat>
| #else
| # ifdef HAVE_FLOAT_H
| #  include <float.h>
| # endif
| #endif
| #ifdef HAVE_CIEEEFP
| # include <cieeefp>
| #else
| # ifdef HAVE_IEEEFP_H
| #  include <ieeefp.h>
| # endif
| #endif
| 
| #ifdef F77_DUMMY_MAIN
| 
| #  ifdef __cplusplus
|      extern "C"
| #  endif
|    int F77_DUMMY_MAIN() { return 1; }
| 
| #endif
| int
| main ()
| {
| #ifndef isfinite
|   char *p = (char *) isfinite;
| #endif
| 
|   ;
|   return 0;
| }
configure:35634: result: no
configure:35641: checking whether finite is declared
configure:35695: clang++ -c -O3 -pipe -DNDEBUG -Wparentheses -Wreturn-type -Wcast-qual -Wall -Wpointer-arith -Wwrite-strings -Wconversion -Wno-unknown-pragmas -Wno-long-long   -DIPOPT_BUILD  conftest.cc >&5
conftest.cc:85:22: warning: 'finite' is deprecated: first deprecated in macOS 10.9 [-Wdeprecated-declarations]
  char *p = (char *) finite;
                     ^
/usr/include/math.h:757:12: note: 'finite' has been explicitly marked deprecated here
extern int finite(double) __OSX_AVAILABLE_BUT_DEPRECATED(__MAC_10_0, __MAC_10_9, __IPHONE_NA, __IPHONE_NA);
           ^
conftest.cc:85:9: warning: unused variable 'p' [-Wunused-variable]
  char *p = (char *) finite;
        ^
2 warnings generated.
configure:35701: $? = 0
configure:35705: test -z 
			 || test ! -s conftest.err
configure:35708: $? = 0
configure:35711: test -s conftest.o
configure:35714: $? = 0
configure:35725: result: yes
configure:35847: checking whether va_copy is declared
configure:35887: clang++ -c -O3 -pipe -DNDEBUG -Wparentheses -Wreturn-type -Wcast-qual -Wall -Wpointer-arith -Wwrite-strings -Wconversion -Wno-unknown-pragmas -Wno-long-long   -DIPOPT_BUILD  conftest.cc >&5
configure:35893: $? = 0
configure:35897: test -z 
			 || test ! -s conftest.err
configure:35900: $? = 0
configure:35903: test -s conftest.o
configure:35906: $? = 0
configure:35917: result: yes
configure:35932: checking whether drand48 is declared
configure:35973: clang++ -c -O3 -pipe -DNDEBUG -Wparentheses -Wreturn-type -Wcast-qual -Wall -Wpointer-arith -Wwrite-strings -Wconversion -Wno-unknown-pragmas -Wno-long-long   -DIPOPT_BUILD  conftest.cc >&5
conftest.cc:74:9: warning: unused variable 'p' [-Wunused-variable]
  char *p = (char *) drand48;
        ^
1 warning generated.
configure:35979: $? = 0
configure:35983: test -z 
			 || test ! -s conftest.err
configure:35986: $? = 0
configure:35989: test -s conftest.o
configure:35992: $? = 0
configure:36003: result: yes
configure:36014: checking whether rand is declared
configure:36055: clang++ -c -O3 -pipe -DNDEBUG -Wparentheses -Wreturn-type -Wcast-qual -Wall -Wpointer-arith -Wwrite-strings -Wconversion -Wno-unknown-pragmas -Wno-long-long   -DIPOPT_BUILD  conftest.cc >&5
conftest.cc:75:9: warning: unused variable 'p' [-Wunused-variable]
  char *p = (char *) rand;
        ^
1 warning generated.
configure:36061: $? = 0
configure:36065: test -z 
			 || test ! -s conftest.err
configure:36068: $? = 0
configure:36071: test -s conftest.o
configure:36074: $? = 0
configure:36085: result: yes
configure:36096: checking whether srand is declared
configure:36137: clang++ -c -O3 -pipe -DNDEBUG -Wparentheses -Wreturn-type -Wcast-qual -Wall -Wpointer-arith -Wwrite-strings -Wconversion -Wno-unknown-pragmas -Wno-long-long   -DIPOPT_BUILD  conftest.cc >&5
conftest.cc:76:9: warning: unused variable 'p' [-Wunused-variable]
  char *p = (char *) srand;
        ^
1 warning generated.
configure:36143: $? = 0
configure:36147: test -z 
			 || test ! -s conftest.err
configure:36150: $? = 0
configure:36153: test -s conftest.o
configure:36156: $? = 0
configure:36167: result: yes
configure:36314: checking for mkl_get_version_string
configure:36379: clang -o conftest -O3 -pipe -DNDEBUG -Wimplicit -Wparentheses -Wsequence-point -Wreturn-type -Wcast-qual -Wall -Wno-unknown-pragmas -Wno-long-long   -DIPOPT_BUILD   conftest.c  -framework Accelerate -framework Accelerate >&5
Undefined symbols for architecture x86_64:
  "_mkl_get_version_string", referenced from:
      _main in conftest-d697d7.o
      _f in conftest-d697d7.o
ld: symbol(s) not found for architecture x86_64
clang: error: linker command failed with exit code 1 (use -v to see invocation)
configure:36385: $? = 1
configure: failed program was:
| /* confdefs.h.  */
| 
| #define PACKAGE_NAME "Ipopt"
| #define PACKAGE_TARNAME "ipopt"
| #define PACKAGE_VERSION "3.12.9"
| #define PACKAGE_STRING "Ipopt 3.12.9"
| #define PACKAGE_BUGREPORT "http://projects.coin-or.org/Ipopt/newticket"
| #define IPOPT_VERSION "3.12.9"
| #define IPOPT_VERSION_MAJOR 3
| #define IPOPT_VERSION_MINOR 12
| #define IPOPT_VERSION_RELEASE 9
| #define COIN_IPOPT_VERBOSITY 0
| #define COIN_IPOPT_CHECKLEVEL 0
| #ifdef __cplusplus
| extern "C" void exit (int);
| #endif
| #define F77_FUNC(name,NAME) name ## _
| #define F77_FUNC_(name,NAME) name ## _
| #define PACKAGE "ipopt"
| #define VERSION "3.12.9"
| #define STDC_HEADERS 1
| #define HAVE_SYS_TYPES_H 1
| #define HAVE_SYS_STAT_H 1
| #define HAVE_STDLIB_H 1
| #define HAVE_STRING_H 1
| #define HAVE_MEMORY_H 1
| #define HAVE_STRINGS_H 1
| #define HAVE_INTTYPES_H 1
| #define HAVE_STDINT_H 1
| #define HAVE_UNISTD_H 1
| #define HAVE_DLFCN_H 1
| #define COIN_HAS_BLAS 1
| #define COIN_HAS_LAPACK 1
| #define COIN_HAS_ASL 1
| #define COIN_HAS_MUMPS 1
| #define SIZEOF_INT_P 8
| #define HAVE_CMATH 1
| #define HAVE_CCTYPE 1
| #define HAVE_CASSERT 1
| #define HAVE_CSTDIO 1
| #define HAVE_CSTDLIB 1
| #define HAVE_CSTDARG 1
| #define HAVE_CSTRING 1
| #define HAVE_CFLOAT 1
| #define HAVE_CTIME 1
| #define HAVE_CSTDDEF 1
| #define HAVE_CMATH 1
| #define HAVE_CFLOAT 1
| #define COIN_C_FINITE finite
| #define HAVE_VA_COPY 1
| #define HAVE_DRAND48 1
| #define HAVE_RAND 1
| #define HAVE_STD__RAND 1
| /* end confdefs.h.  */
| /* Define mkl_get_version_string to an innocuous variant, in case <limits.h> declares mkl_get_version_string.
|    For example, HP-UX 11i <limits.h> declares gettimeofday.  */
| #define mkl_get_version_string innocuous_mkl_get_version_string
| 
| /* System header to define __stub macros and hopefully few prototypes,
|     which can conflict with char mkl_get_version_string (); below.
|     Prefer <limits.h> to <assert.h> if __STDC__ is defined, since
|     <limits.h> exists even on freestanding compilers.  */
| 
| #ifdef __STDC__
| # include <limits.h>
| #else
| # include <assert.h>
| #endif
| 
| #undef mkl_get_version_string
| 
| /* Override any gcc2 internal prototype to avoid an error.  */
| #ifdef __cplusplus
| extern "C"
| {
| #endif
| /* We use char because int might match the return type of a gcc2
|    builtin and then its argument prototype would still apply.  */
| char mkl_get_version_string ();
| /* The GNU C library defines this for functions which it implements
|     to always fail with ENOSYS.  Some functions are actually named
|     something starting with __ and the normal name is an alias.  */
| #if defined (__stub_mkl_get_version_string) || defined (__stub___mkl_get_version_string)
| choke me
| #else
| char (*f) () = mkl_get_version_string;
| #endif
| #ifdef __cplusplus
| }
| #endif
| 
| #ifdef F77_DUMMY_MAIN
| 
| #  ifdef __cplusplus
|      extern "C"
| #  endif
|    int F77_DUMMY_MAIN() { return 1; }
| 
| #endif
| int
| main ()
| {
| return f != mkl_get_version_string;
|   ;
|   return 0;
| }
configure:36410: result: no
configure:36824: checking for MPI_Initialized
configure:36889: clang++ -o conftest -O3 -pipe -DNDEBUG -Wparentheses -Wreturn-type -Wcast-qual -Wall -Wpointer-arith -Wwrite-strings -Wconversion -Wno-unknown-pragmas -Wno-long-long   -DIPOPT_BUILD   conftest.cc  >&5
Undefined symbols for architecture x86_64:
  "_MPI_Initialized", referenced from:
      _main in conftest-9f872b.o
      _f in conftest-9f872b.o
ld: symbol(s) not found for architecture x86_64
clang: error: linker command failed with exit code 1 (use -v to see invocation)
configure:36895: $? = 1
configure: failed program was:
| /* confdefs.h.  */
| 
| #define PACKAGE_NAME "Ipopt"
| #define PACKAGE_TARNAME "ipopt"
| #define PACKAGE_VERSION "3.12.9"
| #define PACKAGE_STRING "Ipopt 3.12.9"
| #define PACKAGE_BUGREPORT "http://projects.coin-or.org/Ipopt/newticket"
| #define IPOPT_VERSION "3.12.9"
| #define IPOPT_VERSION_MAJOR 3
| #define IPOPT_VERSION_MINOR 12
| #define IPOPT_VERSION_RELEASE 9
| #define COIN_IPOPT_VERBOSITY 0
| #define COIN_IPOPT_CHECKLEVEL 0
| #ifdef __cplusplus
| extern "C" void exit (int);
| #endif
| #define F77_FUNC(name,NAME) name ## _
| #define F77_FUNC_(name,NAME) name ## _
| #define PACKAGE "ipopt"
| #define VERSION "3.12.9"
| #define STDC_HEADERS 1
| #define HAVE_SYS_TYPES_H 1
| #define HAVE_SYS_STAT_H 1
| #define HAVE_STDLIB_H 1
| #define HAVE_STRING_H 1
| #define HAVE_MEMORY_H 1
| #define HAVE_STRINGS_H 1
| #define HAVE_INTTYPES_H 1
| #define HAVE_STDINT_H 1
| #define HAVE_UNISTD_H 1
| #define HAVE_DLFCN_H 1
| #define COIN_HAS_BLAS 1
| #define COIN_HAS_LAPACK 1
| #define COIN_HAS_ASL 1
| #define COIN_HAS_MUMPS 1
| #define SIZEOF_INT_P 8
| #define HAVE_CMATH 1
| #define HAVE_CCTYPE 1
| #define HAVE_CASSERT 1
| #define HAVE_CSTDIO 1
| #define HAVE_CSTDLIB 1
| #define HAVE_CSTDARG 1
| #define HAVE_CSTRING 1
| #define HAVE_CFLOAT 1
| #define HAVE_CTIME 1
| #define HAVE_CSTDDEF 1
| #define HAVE_CMATH 1
| #define HAVE_CFLOAT 1
| #define COIN_C_FINITE finite
| #define HAVE_VA_COPY 1
| #define HAVE_DRAND48 1
| #define HAVE_RAND 1
| #define HAVE_STD__RAND 1
| /* end confdefs.h.  */
| /* Define MPI_Initialized to an innocuous variant, in case <limits.h> declares MPI_Initialized.
|    For example, HP-UX 11i <limits.h> declares gettimeofday.  */
| #define MPI_Initialized innocuous_MPI_Initialized
| 
| /* System header to define __stub macros and hopefully few prototypes,
|     which can conflict with char MPI_Initialized (); below.
|     Prefer <limits.h> to <assert.h> if __STDC__ is defined, since
|     <limits.h> exists even on freestanding compilers.  */
| 
| #ifdef __STDC__
| # include <limits.h>
| #else
| # include <assert.h>
| #endif
| 
| #undef MPI_Initialized
| 
| /* Override any gcc2 internal prototype to avoid an error.  */
| #ifdef __cplusplus
| extern "C"
| {
| #endif
| /* We use char because int might match the return type of a gcc2
|    builtin and then its argument prototype would still apply.  */
| char MPI_Initialized ();
| /* The GNU C library defines this for functions which it implements
|     to always fail with ENOSYS.  Some functions are actually named
|     something starting with __ and the normal name is an alias.  */
| #if defined (__stub_MPI_Initialized) || defined (__stub___MPI_Initialized)
| choke me
| #else
| char (*f) () = MPI_Initialized;
| #endif
| #ifdef __cplusplus
| }
| #endif
| 
| #ifdef F77_DUMMY_MAIN
| 
| #  ifdef __cplusplus
|      extern "C"
| #  endif
|    int F77_DUMMY_MAIN() { return 1; }
| 
| #endif
| int
| main ()
| {
| return f != MPI_Initialized;
|   ;
|   return 0;
| }
configure:36920: result: no
configure:37104: checking whether this is a VPATH configuration
configure:37111: result: no
configure:37133: checking for matlab installation
configure:37194: result: no
configure:37401: checking whether the linear solver loader should be compiled
configure:37403: result: yes
configure:37485: checking windows.h usability
configure:37497: clang -c -O3 -pipe -DNDEBUG -Wimplicit -Wparentheses -Wsequence-point -Wreturn-type -Wcast-qual -Wall -Wno-unknown-pragmas -Wno-long-long   -DIPOPT_BUILD  conftest.c >&5
conftest.c:91:10: fatal error: 'windows.h' file not found
#include <windows.h>
         ^~~~~~~~~~~
1 error generated.
configure:37503: $? = 1
configure: failed program was:
| /* confdefs.h.  */
| 
| #define PACKAGE_NAME "Ipopt"
| #define PACKAGE_TARNAME "ipopt"
| #define PACKAGE_VERSION "3.12.9"
| #define PACKAGE_STRING "Ipopt 3.12.9"
| #define PACKAGE_BUGREPORT "http://projects.coin-or.org/Ipopt/newticket"
| #define IPOPT_VERSION "3.12.9"
| #define IPOPT_VERSION_MAJOR 3
| #define IPOPT_VERSION_MINOR 12
| #define IPOPT_VERSION_RELEASE 9
| #define COIN_IPOPT_VERBOSITY 0
| #define COIN_IPOPT_CHECKLEVEL 0
| #ifdef __cplusplus
| extern "C" void exit (int);
| #endif
| #define F77_FUNC(name,NAME) name ## _
| #define F77_FUNC_(name,NAME) name ## _
| #define PACKAGE "ipopt"
| #define VERSION "3.12.9"
| #define STDC_HEADERS 1
| #define HAVE_SYS_TYPES_H 1
| #define HAVE_SYS_STAT_H 1
| #define HAVE_STDLIB_H 1
| #define HAVE_STRING_H 1
| #define HAVE_MEMORY_H 1
| #define HAVE_STRINGS_H 1
| #define HAVE_INTTYPES_H 1
| #define HAVE_STDINT_H 1
| #define HAVE_UNISTD_H 1
| #define HAVE_DLFCN_H 1
| #define COIN_HAS_BLAS 1
| #define COIN_HAS_LAPACK 1
| #define COIN_HAS_ASL 1
| #define COIN_HAS_MUMPS 1
| #define SIZEOF_INT_P 8
| #define HAVE_CMATH 1
| #define HAVE_CCTYPE 1
| #define HAVE_CASSERT 1
| #define HAVE_CSTDIO 1
| #define HAVE_CSTDLIB 1
| #define HAVE_CSTDARG 1
| #define HAVE_CSTRING 1
| #define HAVE_CFLOAT 1
| #define HAVE_CTIME 1
| #define HAVE_CSTDDEF 1
| #define HAVE_CMATH 1
| #define HAVE_CFLOAT 1
| #define COIN_C_FINITE finite
| #define HAVE_VA_COPY 1
| #define HAVE_DRAND48 1
| #define HAVE_RAND 1
| #define HAVE_STD__RAND 1
| #define FORTRAN_INTEGER_TYPE int
| #define HAVE_LINEARSOLVERLOADER 1
| /* end confdefs.h.  */
| #include <stdio.h>
| #if HAVE_SYS_TYPES_H
| # include <sys/types.h>
| #endif
| #if HAVE_SYS_STAT_H
| # include <sys/stat.h>
| #endif
| #if STDC_HEADERS
| # include <stdlib.h>
| # include <stddef.h>
| #else
| # if HAVE_STDLIB_H
| #  include <stdlib.h>
| # endif
| #endif
| #if HAVE_STRING_H
| # if !STDC_HEADERS && HAVE_MEMORY_H
| #  include <memory.h>
| # endif
| # include <string.h>
| #endif
| #if HAVE_STRINGS_H
| # include <strings.h>
| #endif
| #if HAVE_INTTYPES_H
| # include <inttypes.h>
| #else
| # if HAVE_STDINT_H
| #  include <stdint.h>
| # endif
| #endif
| #if HAVE_UNISTD_H
| # include <unistd.h>
| #endif
| #include <windows.h>
configure:37526: result: no
configure:37530: checking windows.h presence
configure:37540: clang -E  conftest.c
conftest.c:57:10: fatal error: 'windows.h' file not found
#include <windows.h>
         ^~~~~~~~~~~
1 error generated.
configure:37546: $? = 1
configure: failed program was:
| /* confdefs.h.  */
| 
| #define PACKAGE_NAME "Ipopt"
| #define PACKAGE_TARNAME "ipopt"
| #define PACKAGE_VERSION "3.12.9"
| #define PACKAGE_STRING "Ipopt 3.12.9"
| #define PACKAGE_BUGREPORT "http://projects.coin-or.org/Ipopt/newticket"
| #define IPOPT_VERSION "3.12.9"
| #define IPOPT_VERSION_MAJOR 3
| #define IPOPT_VERSION_MINOR 12
| #define IPOPT_VERSION_RELEASE 9
| #define COIN_IPOPT_VERBOSITY 0
| #define COIN_IPOPT_CHECKLEVEL 0
| #ifdef __cplusplus
| extern "C" void exit (int);
| #endif
| #define F77_FUNC(name,NAME) name ## _
| #define F77_FUNC_(name,NAME) name ## _
| #define PACKAGE "ipopt"
| #define VERSION "3.12.9"
| #define STDC_HEADERS 1
| #define HAVE_SYS_TYPES_H 1
| #define HAVE_SYS_STAT_H 1
| #define HAVE_STDLIB_H 1
| #define HAVE_STRING_H 1
| #define HAVE_MEMORY_H 1
| #define HAVE_STRINGS_H 1
| #define HAVE_INTTYPES_H 1
| #define HAVE_STDINT_H 1
| #define HAVE_UNISTD_H 1
| #define HAVE_DLFCN_H 1
| #define COIN_HAS_BLAS 1
| #define COIN_HAS_LAPACK 1
| #define COIN_HAS_ASL 1
| #define COIN_HAS_MUMPS 1
| #define SIZEOF_INT_P 8
| #define HAVE_CMATH 1
| #define HAVE_CCTYPE 1
| #define HAVE_CASSERT 1
| #define HAVE_CSTDIO 1
| #define HAVE_CSTDLIB 1
| #define HAVE_CSTDARG 1
| #define HAVE_CSTRING 1
| #define HAVE_CFLOAT 1
| #define HAVE_CTIME 1
| #define HAVE_CSTDDEF 1
| #define HAVE_CMATH 1
| #define HAVE_CFLOAT 1
| #define COIN_C_FINITE finite
| #define HAVE_VA_COPY 1
| #define HAVE_DRAND48 1
| #define HAVE_RAND 1
| #define HAVE_STD__RAND 1
| #define FORTRAN_INTEGER_TYPE int
| #define HAVE_LINEARSOLVERLOADER 1
| /* end confdefs.h.  */
| #include <windows.h>
configure:37566: result: no
configure:37601: checking for windows.h
configure:37608: result: no
configure:37642: checking dlfcn.h usability
configure:37654: clang -c -O3 -pipe -DNDEBUG -Wimplicit -Wparentheses -Wsequence-point -Wreturn-type -Wcast-qual -Wall -Wno-unknown-pragmas -Wno-long-long   -DIPOPT_BUILD  conftest.c >&5
configure:37660: $? = 0
configure:37664: test -z 
			 || test ! -s conftest.err
configure:37667: $? = 0
configure:37670: test -s conftest.o
configure:37673: $? = 0
configure:37683: result: yes
configure:37687: checking dlfcn.h presence
configure:37697: clang -E  conftest.c
configure:37703: $? = 0
configure:37723: result: yes
configure:37758: checking for dlfcn.h
configure:37765: result: yes
configure:37779: checking for dlopen in -ldl
configure:37817: clang -o conftest -O3 -pipe -DNDEBUG -Wimplicit -Wparentheses -Wsequence-point -Wreturn-type -Wcast-qual -Wall -Wno-unknown-pragmas -Wno-long-long   -DIPOPT_BUILD   conftest.c -ldl   >&5
configure:37823: $? = 0
configure:37827: test -z 
			 || test ! -s conftest.err
configure:37830: $? = 0
configure:37833: test -s conftest
configure:37836: $? = 0
configure:37849: result: yes
configure:37891: checking for snprintf
configure:37956: clang -o conftest -O3 -pipe -DNDEBUG -Wimplicit -Wparentheses -Wsequence-point -Wreturn-type -Wcast-qual -Wall -Wno-unknown-pragmas -Wno-long-long   -DIPOPT_BUILD   conftest.c  >&5
conftest.c:83:6: warning: incompatible redeclaration of library function 'snprintf' [-Wincompatible-library-redeclaration]
char snprintf ();
     ^
conftest.c:83:6: note: 'snprintf' is a builtin with type 'int (char *, unsigned long, const char *, ...)'
1 warning generated.
configure:37962: $? = 0
configure:37966: test -z 
			 || test ! -s conftest.err
configure:37969: $? = 0
configure:37972: test -s conftest
configure:37975: $? = 0
configure:37987: result: yes
configure:38002: checking for vsnprintf
configure:38067: clang -o conftest -O3 -pipe -DNDEBUG -Wimplicit -Wparentheses -Wsequence-point -Wreturn-type -Wcast-qual -Wall -Wno-unknown-pragmas -Wno-long-long   -DIPOPT_BUILD   conftest.c  >&5
conftest.c:84:6: warning: incompatible redeclaration of library function 'vsnprintf' [-Wincompatible-library-redeclaration]
char vsnprintf ();
     ^
conftest.c:84:6: note: 'vsnprintf' is a builtin with type 'int (char *, unsigned long, const char *, struct __va_list_tag *)'
1 warning generated.
configure:38073: $? = 0
configure:38077: test -z 
			 || test ! -s conftest.err
configure:38080: $? = 0
configure:38083: test -s conftest
configure:38086: $? = 0
configure:38098: result: yes
configure:38914: checking which command should be used to link input files
configure:38922: result: ln -s
configure:39319: creating ./config.status

## ---------------------- ##
## Running config.status. ##
## ---------------------- ##

This file was extended by Ipopt config.status 3.12.9, which was
generated by GNU Autoconf 2.59.  Invocation command line was

  CONFIG_FILES    = 
  CONFIG_HEADERS  = 
  CONFIG_LINKS    = 
  CONFIG_COMMANDS = 
  $ ./config.status 

on hp.local

config.status:937: creating Makefile
config.status:937: creating src/Common/Makefile
config.status:937: creating src/LinAlg/Makefile
config.status:937: creating src/LinAlg/TMatrices/Makefile
config.status:937: creating src/Interfaces/Makefile
config.status:937: creating src/Algorithm/Makefile
config.status:937: creating src/Algorithm/LinearSolvers/Makefile
config.status:937: creating src/Algorithm/Inexact/Makefile
config.status:937: creating src/contrib/CGPenalty/Makefile
config.status:937: creating src/contrib/LinearSolverLoader/Makefile
config.status:937: creating src/Apps/Makefile
config.status:937: creating src/Apps/AmplSolver/Makefile
config.status:937: creating src/Apps/CUTErInterface/Makefile
config.status:937: creating examples/hs071_f/Makefile
config.status:937: creating examples/hs071_f/hs071_f.f
config.status:937: creating examples/Cpp_example/Makefile
config.status:937: creating examples/hs071_cpp/Makefile
config.status:937: creating examples/hs071_c/Makefile
config.status:937: creating examples/ScalableProblems/Makefile
config.status:937: creating tutorial/CodingExercise/C/1-skeleton/Makefile
config.status:937: creating tutorial/CodingExercise/C/2-mistake/Makefile
config.status:937: creating tutorial/CodingExercise/C/3-solution/Makefile
config.status:937: creating tutorial/CodingExercise/Cpp/1-skeleton/Makefile
config.status:937: creating tutorial/CodingExercise/Cpp/2-mistake/Makefile
config.status:937: creating tutorial/CodingExercise/Cpp/3-solution/Makefile
config.status:937: creating tutorial/CodingExercise/Matlab/1-skeleton/startup.m
config.status:937: creating tutorial/CodingExercise/Matlab/2-mistake/startup.m
config.status:937: creating tutorial/CodingExercise/Matlab/3-solution/startup.m
config.status:937: creating tutorial/CodingExercise/Fortran/1-skeleton/TutorialFortran.f
config.status:937: creating tutorial/CodingExercise/Fortran/2-mistake/TutorialFortran.f
config.status:937: creating tutorial/CodingExercise/Fortran/3-solution/TutorialFortran.f
config.status:937: creating tutorial/CodingExercise/Fortran/1-skeleton/Makefile
config.status:937: creating tutorial/CodingExercise/Fortran/2-mistake/Makefile
config.status:937: creating tutorial/CodingExercise/Fortran/3-solution/Makefile
config.status:937: creating test/Makefile
config.status:937: creating test/run_unitTests
config.status:937: creating contrib/MatlabInterface/src/Makefile
config.status:937: creating contrib/MatlabInterface/examples/startup.m
config.status:937: creating contrib/JavaInterface/Makefile
config.status:937: creating contrib/sIPOPT/Makefile
config.status:937: creating contrib/sIPOPT/AmplSolver/Makefile
config.status:937: creating contrib/sIPOPT/examples/parametric_cpp/Makefile
config.status:937: creating contrib/sIPOPT/examples/parametric_dsdp_cpp/Makefile
config.status:937: creating contrib/sIPOPT/examples/redhess_cpp/Makefile
config.status:937: creating contrib/sIPOPT/src/Makefile
config.status:937: creating ipopt.pc
config.status:937: creating ipopt-uninstalled.pc
config.status:937: creating doxydoc/doxygen.conf
config.status:937: creating contrib/RInterface/src/Makevars
config.status:937: creating ipoptamplinterface.pc
config.status:937: creating ipoptamplinterface-uninstalled.pc
config.status:1041: creating src/Common/config.h
config.status:1041: creating src/Common/config_ipopt.h
config.status:1041: creating examples/ScalableProblems/config.h
config.status:1318: linking ./examples/hs071_cpp/hs071_main.cpp to test/hs071_main.cpp
config.status:1318: linking ./examples/hs071_cpp/hs071_nlp.cpp to test/hs071_nlp.cpp
config.status:1318: linking ./examples/hs071_cpp/hs071_nlp.hpp to test/hs071_nlp.hpp
config.status:1318: linking ./examples/hs071_c/hs071_c.c to test/hs071_c.c
config.status:1555: executing depfiles commands
configure:41044: In case of trouble, first consult the troubleshooting page at https://projects.coin-or.org/BuildTools/wiki/user-troubleshooting
configure:41047: Configuration of Ipopt successful

## ---------------- ##
## Cache variables. ##
## ---------------- ##

ac_cv_build=i386-apple-darwin16.7.0
ac_cv_build_alias=i386-apple-darwin16.7.0
ac_cv_c_compiler_gnu=yes
ac_cv_cxx_compiler_gnu=yes
ac_cv_env_ADD_CFLAGS_set=
ac_cv_env_ADD_CFLAGS_value=
ac_cv_env_ADD_CXXFLAGS_set=
ac_cv_env_ADD_CXXFLAGS_value=
ac_cv_env_ADD_FFLAGS_set=
ac_cv_env_ADD_FFLAGS_value=
ac_cv_env_CC_set=
ac_cv_env_CC_value=
ac_cv_env_CDEFS_set=
ac_cv_env_CDEFS_value=
ac_cv_env_CFLAGS_set=
ac_cv_env_CFLAGS_value=
ac_cv_env_CPPFLAGS_set=
ac_cv_env_CPPFLAGS_value=
ac_cv_env_CPP_set=
ac_cv_env_CPP_value=
ac_cv_env_CXXAR_set=
ac_cv_env_CXXAR_value=
ac_cv_env_CXXCPP_set=
ac_cv_env_CXXCPP_value=
ac_cv_env_CXXDEFS_set=
ac_cv_env_CXXDEFS_value=
ac_cv_env_CXXFLAGS_set=
ac_cv_env_CXXFLAGS_value=
ac_cv_env_CXXLIBS_set=
ac_cv_env_CXXLIBS_value=
ac_cv_env_CXX_set=
ac_cv_env_CXX_value=
ac_cv_env_DBG_CFLAGS_set=
ac_cv_env_DBG_CFLAGS_value=
ac_cv_env_DBG_CXXFLAGS_set=
ac_cv_env_DBG_CXXFLAGS_value=
ac_cv_env_DBG_FFLAGS_set=
ac_cv_env_DBG_FFLAGS_value=
ac_cv_env_F77_set=
ac_cv_env_F77_value=
ac_cv_env_FFLAGS_set=
ac_cv_env_FFLAGS_value=
ac_cv_env_LDFLAGS_set=
ac_cv_env_LDFLAGS_value=
ac_cv_env_MPICC_set=
ac_cv_env_MPICC_value=
ac_cv_env_MPICXX_set=
ac_cv_env_MPICXX_value=
ac_cv_env_MPIF77_set=
ac_cv_env_MPIF77_value=
ac_cv_env_OPT_CFLAGS_set=
ac_cv_env_OPT_CFLAGS_value=
ac_cv_env_OPT_CXXFLAGS_set=
ac_cv_env_OPT_CXXFLAGS_value=
ac_cv_env_OPT_FFLAGS_set=
ac_cv_env_OPT_FFLAGS_value=
ac_cv_env_PKG_CONFIG_set=
ac_cv_env_PKG_CONFIG_value=
ac_cv_env_build_alias_set=
ac_cv_env_build_alias_value=
ac_cv_env_host_alias_set=
ac_cv_env_host_alias_value=
ac_cv_env_target_alias_set=
ac_cv_env_target_alias_value=
ac_cv_exeext=
ac_cv_f77_compiler_gnu=yes
ac_cv_f77_dummy_main=none
ac_cv_f77_libs=' -L/usr/local/Cellar/gcc/7.3.0/lib/gcc/7/gcc/x86_64-apple-darwin16.7.0/7.3.0 -L/usr/local/Cellar/gcc/7.3.0/lib/gcc/7/gcc/x86_64-apple-darwin16.7.0/7.3.0/../../.. -lgfortran -lSystem -lquadmath -lm'
ac_cv_f77_mangling='lower case, underscore, no extra underscore'
ac_cv_fortran_dummy_main=none
ac_cv_func_MPI_Initialized=no
ac_cv_func_mkl_get_version_string=no
ac_cv_func_snprintf=yes
ac_cv_func_vsnprintf=yes
ac_cv_have_decl_drand48=yes
ac_cv_have_decl_finite=yes
ac_cv_have_decl_isfinite=no
ac_cv_have_decl_rand=yes
ac_cv_have_decl_srand=yes
ac_cv_have_decl_va_copy=yes
ac_cv_header_cassert=yes
ac_cv_header_cctype=yes
ac_cv_header_cfloat=yes
ac_cv_header_cieeefp=no
ac_cv_header_cmath=yes
ac_cv_header_cstdarg=yes
ac_cv_header_cstddef=yes
ac_cv_header_cstdio=yes
ac_cv_header_cstdlib=yes
ac_cv_header_cstring=yes
ac_cv_header_ctime=yes
ac_cv_header_dlfcn_h=yes
ac_cv_header_ieeefp_h=no
ac_cv_header_windows_h=no
ac_cv_lib_dl_dlopen=yes
ac_cv_objext=o
ac_cv_path_install='/usr/bin/install -c'
ac_cv_prog_AWK=awk
ac_cv_prog_ac_ct_CC=clang
ac_cv_prog_ac_ct_CXX=clang++
ac_cv_prog_ac_ct_F77=gfortran
ac_cv_prog_ac_ct_PKG_CONFIG=pkg-config
ac_cv_prog_cc_g=yes
ac_cv_prog_cc_stdc=
ac_cv_prog_coin_doxy_usedot=NO
ac_cv_prog_coin_have_doxygen=no
ac_cv_prog_coin_have_latex=no
ac_cv_prog_cxx_g=yes
ac_cv_prog_egrep='grep -E'
ac_cv_prog_f77_g=yes
ac_cv_prog_f77_v=-v
ac_cv_prog_have_svnversion=yes
ac_cv_prog_make_make_set=yes
ac_cv_sizeof_int_p=8
ac_cv_type_int_p=yes
am_cv_CC_dependencies_compiler_type=gcc3
am_cv_CXX_dependencies_compiler_type=gcc3

## ----------------- ##
## Output variables. ##
## ----------------- ##

ABSBUILDDIR='/Users/kpereira/Projects/C++/CarND-MPC-Project/Ipopt-3.12.9/Ipopt'
ACLOCAL='${SHELL} /Users/kpereira/Projects/C++/CarND-MPC-Project/Ipopt-3.12.9/Ipopt/missing --run aclocal-1.9'
ADD_CFLAGS=''
ADD_CXXFLAGS=''
ADD_FFLAGS=''
AIX_FIX_COMPILER_BUG_FALSE=''
AIX_FIX_COMPILER_BUG_TRUE='#'
ALWAYS_FALSE_FALSE=''
ALWAYS_FALSE_TRUE='#'
AMDEPBACKSLASH='\'
AMDEP_FALSE='#'
AMDEP_TRUE=''
AMTAR='${SHELL} /Users/kpereira/Projects/C++/CarND-MPC-Project/Ipopt-3.12.9/Ipopt/missing --run tar'
AR='ar'
ASL_CFLAGS='-I/Users/kpereira/Projects/C++/CarND-MPC-Project/Ipopt-3.12.9/ThirdParty/ASL -I/Users/kpereira/Projects/C++/CarND-MPC-Project/Ipopt-3.12.9/ThirdParty/ASL/solvers'
ASL_CFLAGS_INSTALLED=''
ASL_DATA=''
ASL_DATA_INSTALLED=''
ASL_DEPENDENCIES=' /Users/kpereira/Projects/C++/CarND-MPC-Project/Ipopt-3.12.9/ThirdParty/ASL/libcoinasl.la'
ASL_LIBS='/Users/kpereira/Projects/C++/CarND-MPC-Project/Ipopt-3.12.9/ThirdParty/ASL/libcoinasl.la -lm -ldl'
ASL_LIBS_INSTALLED=''
ASTYLE='astyle'
ASTYLEFLAGS='--mode=c --indent=spaces=2 --indent-cases --indent-namespaces --min-conditional-indent=1 --brackets=linux --brackets=break-closing --convert-tabs'
AUTOCONF='${SHELL} /Users/kpereira/Projects/C++/CarND-MPC-Project/Ipopt-3.12.9/Ipopt/missing --run autoconf'
AUTOHEADER='${SHELL} /Users/kpereira/Projects/C++/CarND-MPC-Project/Ipopt-3.12.9/Ipopt/missing --run autoheader'
AUTOMAKE='${SHELL} /Users/kpereira/Projects/C++/CarND-MPC-Project/Ipopt-3.12.9/Ipopt/missing --run automake-1.9'
AUX_DIR=''
AWK='awk'
BIT32FCOMMENT='C'
BIT64FCOMMENT=''
BITS_PER_POINTER='64'
BLAS_CFLAGS=''
BLAS_CFLAGS_INSTALLED=''
BLAS_DATA=''
BLAS_DATA_INSTALLED=''
BLAS_DEPENDENCIES=''
BLAS_LIBS='-framework Accelerate'
BLAS_LIBS_INSTALLED=''
BLUEGENEEXTRA='echo'
BUILDTOOLSDIR=''
BUILD_INEXACT_FALSE=''
BUILD_INEXACT_TRUE='#'
BUILD_LINEARSOLVERLOADER_FALSE='#'
BUILD_LINEARSOLVERLOADER_TRUE=''
BUILD_PARDISOLOADER_FALSE='#'
BUILD_PARDISOLOADER_TRUE=''
CC='clang'
CCDEPMODE='depmode=gcc3'
CDEFS=''
CFLAGS='-O3 -pipe -DNDEBUG -Wimplicit -Wparentheses -Wsequence-point -Wreturn-type -Wcast-qual -Wall -Wno-unknown-pragmas -Wno-long-long   -DIPOPT_BUILD'
COIN_CC_IS_CL_FALSE=''
COIN_CC_IS_CL_TRUE='#'
COIN_CXX_IS_CL_FALSE=''
COIN_CXX_IS_CL_TRUE='#'
COIN_HAS_ASL_FALSE='#'
COIN_HAS_ASL_TRUE=''
COIN_HAS_BLAS_FALSE='#'
COIN_HAS_BLAS_TRUE=''
COIN_HAS_DOXYGEN_FALSE=''
COIN_HAS_DOXYGEN_TRUE='#'
COIN_HAS_F77_FALSE='#'
COIN_HAS_F77_TRUE=''
COIN_HAS_HSL_FALSE=''
COIN_HAS_HSL_TRUE='#'
COIN_HAS_LAPACK_FALSE='#'
COIN_HAS_LAPACK_TRUE=''
COIN_HAS_LATEX_FALSE=''
COIN_HAS_LATEX_TRUE='#'
COIN_HAS_MUMPS_FALSE='#'
COIN_HAS_MUMPS_TRUE=''
COIN_HAS_PKGCONFIG_FALSE='#'
COIN_HAS_PKGCONFIG_TRUE=''
COIN_PKG_CONFIG_PATH='/usr/local/lib64/pkgconfig:/usr/local/lib/pkgconfig:/usr/local/share/pkgconfig:'
COIN_PKG_CONFIG_PATH_UNINSTALLED='/Users/kpereira/Projects/C++/CarND-MPC-Project/Ipopt-3.12.9/Ipopt:/Users/kpereira/Projects/C++/CarND-MPC-Project/Ipopt-3.12.9/ThirdParty/Mumps:/Users/kpereira/Projects/C++/CarND-MPC-Project/Ipopt-3.12.9/ThirdParty/Lapack:/Users/kpereira/Projects/C++/CarND-MPC-Project/Ipopt-3.12.9/ThirdParty/Blas:/Users/kpereira/Projects/C++/CarND-MPC-Project/Ipopt-3.12.9/ThirdParty/Metis:/Users/kpereira/Projects/C++/CarND-MPC-Project/Ipopt-3.12.9/ThirdParty/ASL:'
CPP='clang -E'
CPPFLAGS=''
CXX='clang++'
CXXAR='ar cru'
CXXCPP='clang++ -E'
CXXDEFS=''
CXXDEPMODE='depmode=gcc3'
CXXFLAGS='-O3 -pipe -DNDEBUG -Wparentheses -Wreturn-type -Wcast-qual -Wall -Wpointer-arith -Wwrite-strings -Wconversion -Wno-unknown-pragmas -Wno-long-long   -DIPOPT_BUILD'
CXXLIBS='-lc++'
CYGPATH_W='echo'
DBG_CFLAGS='-g -O0 -pipe -Wimplicit -Wparentheses -Wsequence-point -Wreturn-type -Wcast-qual -Wall -Wno-unknown-pragmas -Wno-long-long  '
DBG_CXXFLAGS='-g -O0 -pipe -Wparentheses -Wreturn-type -Wcast-qual -Wall -Wpointer-arith -Wwrite-strings -Wconversion -Wno-unknown-pragmas -Wno-long-long  '
DBG_FFLAGS='-g -O0 -pipe  '
DEFS='-DHAVE_CONFIG_H'
DEPDIR='.deps'
DEPENDENCY_LINKING_FALSE='#'
DEPENDENCY_LINKING_TRUE=''
ECHO='/bin/echo'
ECHO_C='ECHO_N=''
ECHO_T=''
EGREP='grep -E'
EXEEXT=''
F77='gfortran'
FFLAGS='-O3 -pipe  '
FLIBS=' -L/usr/local/Cellar/gcc/7.3.0/lib/gcc/7/gcc/x86_64-apple-darwin16.7.0/7.3.0 -L/usr/local/Cellar/gcc/7.3.0/lib/gcc/7/gcc/x86_64-apple-darwin16.7.0/7.3.0/../../.. -lgfortran -lSystem -lquadmath -lm'
FRAMEWORK_VECLIB=''
HAVE_EXTERNALS_FALSE=''
HAVE_EXTERNALS_TRUE='#'
HAVE_MA28_FALSE=''
HAVE_MA28_TRUE='#'
HAVE_PARDISO_FALSE=''
HAVE_PARDISO_TRUE='#'
HAVE_WSMP_FALSE=''
HAVE_WSMP_TRUE='#'
HSL_CFLAGS=''
HSL_CFLAGS_INSTALLED=''
HSL_DATA=''
HSL_DATA_INSTALLED=''
HSL_DEPENDENCIES=''
HSL_LIBS=''
HSL_LIBS_INSTALLED=''
INSTALL_DATA='${INSTALL} -m 644'
INSTALL_PROGRAM='${INSTALL}'
INSTALL_SCRIPT='${INSTALL}'
INSTALL_STRIP_PROGRAM='${SHELL} $(install_sh) -c -s'
IPALLLIBS='../contrib/LinearSolverLoader/libLinearSolverLoader.la ../contrib/CGPenalty/libcgpenalty.la ../Algorithm/libipoptalg.la ../Algorithm/LinearSolvers/liblinsolvers.la ../Common/libcommon.la ../LinAlg/liblinalg.la ../LinAlg/TMatrices/libtmatrices.la'
IPOPTAMPLINTERFACELIB_CFLAGS='-I/Users/kpereira/Projects/C++/CarND-MPC-Project/Ipopt-3.12.9/ThirdParty/ASL -I/Users/kpereira/Projects/C++/CarND-MPC-Project/Ipopt-3.12.9/ThirdParty/ASL/solvers '
IPOPTAMPLINTERFACELIB_CFLAGS_INSTALLED=''
IPOPTAMPLINTERFACELIB_DEPENDENCIES=' /Users/kpereira/Projects/C++/CarND-MPC-Project/Ipopt-3.12.9/ThirdParty/ASL/libcoinasl.la  '
IPOPTAMPLINTERFACELIB_LIBS='/Users/kpereira/Projects/C++/CarND-MPC-Project/Ipopt-3.12.9/ThirdParty/ASL/libcoinasl.la -lm -ldl '
IPOPTAMPLINTERFACELIB_LIBS_INSTALLED=''
IPOPTAMPLINTERFACELIB_PCLIBS=''
IPOPTAMPLINTERFACELIB_PCREQUIRES='coinasl '
IPOPTLIB_CFLAGS='-DCOIN_USE_MUMPS_MPI_H -I/Users/kpereira/Projects/C++/CarND-MPC-Project/Ipopt-3.12.9/ThirdParty/Mumps/MUMPS/libseq -I/Users/kpereira/Projects/C++/CarND-MPC-Project/Ipopt-3.12.9/ThirdParty/Mumps/MUMPS/include -I/Users/kpereira/Projects/C++/CarND-MPC-Project/Ipopt-3.12.9/ThirdParty/Metis/metis-4.0/Lib '
IPOPTLIB_CFLAGS_INSTALLED=''
IPOPTLIB_DEPENDENCIES=' /Users/kpereira/Projects/C++/CarND-MPC-Project/Ipopt-3.12.9/ThirdParty/Mumps/libcoinmumps.la /Users/kpereira/Projects/C++/CarND-MPC-Project/Ipopt-3.12.9/ThirdParty/Metis/libcoinmetis.la  '
IPOPTLIB_LIBS='-L/usr/local/Cellar/gcc/7.3.0/lib/gcc/7/gcc/x86_64-apple-darwin16.7.0/7.3.0 -L/usr/local/Cellar/gcc/7.3.0/lib/gcc/7/gcc/x86_64-apple-darwin16.7.0/7.3.0/../../.. /Users/kpereira/Projects/C++/CarND-MPC-Project/Ipopt-3.12.9/ThirdParty/Mumps/libcoinmumps.la -framework Accelerate -lgfortran -lSystem -lquadmath -lm /Users/kpereira/Projects/C++/CarND-MPC-Project/Ipopt-3.12.9/ThirdParty/Metis/libcoinmetis.la -framework Accelerate -framework Accelerate -lm  -ldl'
IPOPTLIB_LIBS_INSTALLED='-framework Accelerate -framework Accelerate -lm  -ldl'
IPOPTLIB_PCLIBS='-framework Accelerate -framework Accelerate -lm  -ldl'
IPOPTLIB_PCREQUIRES='coinmumps '
IPOPT_SVN_REV=''
JAVA_HOME=''
JIPOPTDLL='libjipopt.so'
LAPACK_CFLAGS=''
LAPACK_CFLAGS_INSTALLED=''
LAPACK_DATA=''
LAPACK_DATA_INSTALLED=''
LAPACK_DEPENDENCIES=''
LAPACK_LIBS='-framework Accelerate'
LAPACK_LIBS_INSTALLED=''
LDFLAGS=''
LIBEXT='a'
LIBOBJS=''
LIBS=''
LIBTOOL='$(SHELL) $(top_builddir)/../libtool'
LIBTOOLM4=''
LN_S='ln -s'
LTLIBOBJS=''
LT_LDFLAGS='-no-undefined -version-info 11:9:10'
MAINT='#'
MAINTAINER_MODE_FALSE=''
MAINTAINER_MODE_TRUE='#'
MAKEINFO='${SHELL} /Users/kpereira/Projects/C++/CarND-MPC-Project/Ipopt-3.12.9/Ipopt/missing --run makeinfo'
MATLAB_CYGPATH_W='echo'
MATLAB_HOME=''
MEXSUFFIX=''
MEX_STATIC_FALSE=''
MEX_STATIC_TRUE='#'
MEX_WINDOWS_FALSE=''
MEX_WINDOWS_TRUE='#'
MPICC=''
MPICXX=''
MPIF77=''
MUMPS_CFLAGS='-DCOIN_USE_MUMPS_MPI_H -I/Users/kpereira/Projects/C++/CarND-MPC-Project/Ipopt-3.12.9/ThirdParty/Mumps/MUMPS/libseq -I/Users/kpereira/Projects/C++/CarND-MPC-Project/Ipopt-3.12.9/ThirdParty/Mumps/MUMPS/include -I/Users/kpereira/Projects/C++/CarND-MPC-Project/Ipopt-3.12.9/ThirdParty/Metis/metis-4.0/Lib'
MUMPS_CFLAGS_INSTALLED=''
MUMPS_DATA=''
MUMPS_DATA_INSTALLED=''
MUMPS_DEPENDENCIES=' /Users/kpereira/Projects/C++/CarND-MPC-Project/Ipopt-3.12.9/ThirdParty/Mumps/libcoinmumps.la /Users/kpereira/Projects/C++/CarND-MPC-Project/Ipopt-3.12.9/ThirdParty/Metis/libcoinmetis.la'
MUMPS_LIBS='-L/usr/local/Cellar/gcc/7.3.0/lib/gcc/7/gcc/x86_64-apple-darwin16.7.0/7.3.0 -L/usr/local/Cellar/gcc/7.3.0/lib/gcc/7/gcc/x86_64-apple-darwin16.7.0/7.3.0/../../.. /Users/kpereira/Projects/C++/CarND-MPC-Project/Ipopt-3.12.9/ThirdParty/Mumps/libcoinmumps.la -framework Accelerate -lgfortran -lSystem -lquadmath -lm /Users/kpereira/Projects/C++/CarND-MPC-Project/Ipopt-3.12.9/ThirdParty/Metis/libcoinmetis.la'
MUMPS_LIBS_INSTALLED=''
MWMA57PATH=''
OBJEXT='o'
OPT_CFLAGS='-O3 -pipe -DNDEBUG -Wimplicit -Wparentheses -Wsequence-point -Wreturn-type -Wcast-qual -Wall -Wno-unknown-pragmas -Wno-long-long  '
OPT_CXXFLAGS='-O3 -pipe -DNDEBUG -Wparentheses -Wreturn-type -Wcast-qual -Wall -Wpointer-arith -Wwrite-strings -Wconversion -Wno-unknown-pragmas -Wno-long-long  '
OPT_FFLAGS='-O3 -pipe  '
PACKAGE='ipopt'
PACKAGE_BUGREPORT='http://projects.coin-or.org/Ipopt/newticket'
PACKAGE_NAME='Ipopt'
PACKAGE_STRING='Ipopt 3.12.9'
PACKAGE_TARNAME='ipopt'
PACKAGE_VERSION='3.12.9'
PATH_SEPARATOR=':'
PKG_CONFIG='pkg-config'
RANLIB='ranlib'
RPATH_FLAGS=''
SET_MAKE=''
SHARED_FLAGS='-shared'
SHELL='/bin/sh'
STRIP='strip'
VERSION='3.12.9'
VPATH_DISTCLEANFILES=''
abs_bin_dir='/usr/local/bin'
abs_include_dir='/usr/local/include'
abs_lib_dir='/usr/local/lib'
abs_source_dir='/Users/kpereira/Projects/C++/CarND-MPC-Project/Ipopt-3.12.9/Ipopt'
ac_c_preproc_warn_flag=''
ac_ct_AR='ar'
ac_ct_CC='clang'
ac_ct_CXX='clang++'
ac_ct_F77='gfortran'
ac_ct_PKG_CONFIG='pkg-config'
ac_ct_RANLIB='ranlib'
ac_ct_STRIP='strip'
ac_cxx_preproc_warn_flag=''
am__fastdepCC_FALSE='#'
am__fastdepCC_TRUE=''
am__fastdepCXX_FALSE='#'
am__fastdepCXX_TRUE=''
am__include='include'
am__leading_dot='.'
am__quote=''
am__tar='${AMTAR} chof - "$$tardir"'
am__untar='${AMTAR} xf -'
bindir='${exec_prefix}/bin'
build='i386-apple-darwin16.7.0'
build_alias=''
build_cpu='i386'
build_os='darwin16.7.0'
build_vendor='apple'
coin_doxy_excludes=''
coin_doxy_logname='doxydoc/ipopt_doxy.log'
coin_doxy_tagfiles=''
coin_doxy_tagname='doxydoc/ipopt_doxy.tag'
coin_doxy_usedot='NO'
coin_have_doxygen='no'
coin_have_latex='no'
datadir='${prefix}/share'
exec_prefix='${prefix}'
have_autoconf=''
have_automake=''
have_svn=''
have_svnversion='yes'
host='i386-apple-darwin16.7.0'
host_alias=''
host_cpu='i386'
host_os='darwin16.7.0'
host_vendor='apple'
includedir='${prefix}/include'
infodir='${prefix}/info'
install_sh='/Users/kpereira/Projects/C++/CarND-MPC-Project/Ipopt-3.12.9/Ipopt/install-sh'
libdir='${exec_prefix}/lib'
libexecdir='${exec_prefix}/libexec'
localstatedir='${prefix}/var'
mandir='${prefix}/man'
mkdir_p='$(install_sh) -d'
oldincludedir='/usr/include'
prefix='/usr/local'
program_transform_name='s,x,x,'
sbindir='${exec_prefix}/sbin'
sharedstatedir='${prefix}/com'
sol_cc_compiler=''
sysconfdir='${prefix}/etc'
target_alias=''

## ----------- ##
## confdefs.h. ##
## ----------- ##

#define COIN_C_FINITE finite
#define COIN_HAS_ASL 1
#define COIN_HAS_BLAS 1
#define COIN_HAS_LAPACK 1
#define COIN_HAS_MUMPS 1
#define COIN_IPOPT_CHECKLEVEL 0
#define COIN_IPOPT_VERBOSITY 0
#define F77_FUNC(name,NAME) name ## _
#define F77_FUNC_(name,NAME) name ## _
#define FORTRAN_INTEGER_TYPE int
#define HAVE_CASSERT 1
#define HAVE_CCTYPE 1
#define HAVE_CFLOAT 1
#define HAVE_CFLOAT 1
#define HAVE_CMATH 1
#define HAVE_CMATH 1
#define HAVE_CSTDARG 1
#define HAVE_CSTDDEF 1
#define HAVE_CSTDIO 1
#define HAVE_CSTDLIB 1
#define HAVE_CSTRING 1
#define HAVE_CTIME 1
#define HAVE_DLFCN_H 1
#define HAVE_DLFCN_H 1
#define HAVE_DRAND48 1
#define HAVE_INTTYPES_H 1
#define HAVE_LINEARSOLVERLOADER 1
#define HAVE_MEMORY_H 1
#define HAVE_RAND 1
#define HAVE_SNPRINTF 1
#define HAVE_STDINT_H 1
#define HAVE_STDLIB_H 1
#define HAVE_STD__RAND 1
#define HAVE_STRINGS_H 1
#define HAVE_STRING_H 1
#define HAVE_SYS_STAT_H 1
#define HAVE_SYS_TYPES_H 1
#define HAVE_UNISTD_H 1
#define HAVE_VA_COPY 1
#define HAVE_VSNPRINTF 1
#define IPOPT_VERSION "3.12.9"
#define IPOPT_VERSION_MAJOR 3
#define IPOPT_VERSION_MINOR 12
#define IPOPT_VERSION_RELEASE 9
#define PACKAGE "ipopt"
#define PACKAGE_BUGREPORT "http://projects.coin-or.org/Ipopt/newticket"
#define PACKAGE_NAME "Ipopt"
#define PACKAGE_STRING "Ipopt 3.12.9"
#define PACKAGE_TARNAME "ipopt"
#define PACKAGE_VERSION "3.12.9"
#define SHAREDLIBEXT "dylib"
#define SIZEOF_INT_P 8
#define STDC_HEADERS 1
#define VERSION "3.12.9"
#endif
#ifdef __cplusplus
extern "C" void exit (int);

configure: exit 0
